-- mxkv tests can be run after the matrixts tests or separately, so we have to
-- ensure that the extension is loaded.
create extension if not exists matrixts;
\set tname test_mxkv_settings
\set nkeys 10000
-- the mxkv tests requires the mxkv_keys enum to be empty, we used to ensure
-- this by dropping and re-creating the mxkv extension, but now as we are part
-- of the matrixts extension, we should no longer do this, we simply verify it.
select * from pg_enum where enumtypid = 'mxkv_keys'::regtype;
 oid | enumtypid | enumsortorder | enumlabel 
-----+-----------+---------------+-----------
(0 rows)

-- generate the full int4 kv records
\out /dev/null
select '''''''{'
    || string_agg(format('"k%s": %s', i, i), ' ,')
    || '}''''''' as full_records_i4
  from generate_series(1, :nkeys - 1) i
;
\out
\gset
-- generate the half int4 kv records
\out /dev/null
select '''''''{'
    || string_agg(format('"k%s": -%s', i, i), ' ,')
    || '}''''''' as half_records_i4
  from generate_series(2, :nkeys - 1, 2) i
;
\out
\gset
-- generate the full float4 kv records
\out /dev/null
select '''''''{'
    || string_agg(format('"k%s": %s', i, i / 100.), ' ,')
    || '}''''''' as full_records_f4
  from generate_series(1, :nkeys - 1) i
;
\out
\gset
-- generate the half float4 kv records
\out /dev/null
select '''''''{'
    || string_agg(format('"k%s": -%s', i, i / 100.), ' ,')
    || '}''''''' as half_records_f4
  from generate_series(2, :nkeys - 1, 2) i
;
\out
\gset
-- generate the full float8 kv records
\out /dev/null
select '''''''{'
    || string_agg(format('"k%s": %s', i, i / 100.), ' ,')
    || '}''''''' as full_records_f8
  from generate_series(1, :nkeys - 1) i
;
\out
\gset
-- generate the half float8 kv records
\out /dev/null
select '''''''{'
    || string_agg(format('"k%s": -%s', i, i / 100.), ' ,')
    || '}''''''' as half_records_f8
  from generate_series(2, :nkeys - 1, 2) i
;
\out
\gset
-- save the settings
drop table if exists :tname;
create table :tname
    as select :nkeys::int as nkeys
            , :full_records_i4::text as full_records_i4
            , :half_records_i4::text as half_records_i4
            , :full_records_f4::text as full_records_f4
            , :half_records_f4::text as half_records_f4
            , :full_records_f8::text as full_records_f8
            , :half_records_f8::text as half_records_f8
         from generate_series(1, 1)
    distributed randomly;
-- load the settings
\out /dev/null
select * from :tname;
\out
\gset
-- import the keys
select mxkv_import_keys(:full_records_i4, false /* dryrun */);
 mxkv_import_keys 
-----------------
 k1
 k2
 k3
 k4
 k5
 k6
 k7
 k8
 k9
 k10
 k11
 k12
 k13
 k14
 k15
 k16
 k17
 k18
 k19
 k20
 k21
 k22
 k23
 k24
 k25
 k26
 k27
 k28
 k29
 k30
 k31
 k32
 k33
 k34
 k35
 k36
 k37
 k38
 k39
 k40
 k41
 k42
 k43
 k44
 k45
 k46
 k47
 k48
 k49
 k50
 k51
 k52
 k53
 k54
 k55
 k56
 k57
 k58
 k59
 k60
 k61
 k62
 k63
 k64
 k65
 k66
 k67
 k68
 k69
 k70
 k71
 k72
 k73
 k74
 k75
 k76
 k77
 k78
 k79
 k80
 k81
 k82
 k83
 k84
 k85
 k86
 k87
 k88
 k89
 k90
 k91
 k92
 k93
 k94
 k95
 k96
 k97
 k98
 k99
 k100
 k101
 k102
 k103
 k104
 k105
 k106
 k107
 k108
 k109
 k110
 k111
 k112
 k113
 k114
 k115
 k116
 k117
 k118
 k119
 k120
 k121
 k122
 k123
 k124
 k125
 k126
 k127
 k128
 k129
 k130
 k131
 k132
 k133
 k134
 k135
 k136
 k137
 k138
 k139
 k140
 k141
 k142
 k143
 k144
 k145
 k146
 k147
 k148
 k149
 k150
 k151
 k152
 k153
 k154
 k155
 k156
 k157
 k158
 k159
 k160
 k161
 k162
 k163
 k164
 k165
 k166
 k167
 k168
 k169
 k170
 k171
 k172
 k173
 k174
 k175
 k176
 k177
 k178
 k179
 k180
 k181
 k182
 k183
 k184
 k185
 k186
 k187
 k188
 k189
 k190
 k191
 k192
 k193
 k194
 k195
 k196
 k197
 k198
 k199
 k200
 k201
 k202
 k203
 k204
 k205
 k206
 k207
 k208
 k209
 k210
 k211
 k212
 k213
 k214
 k215
 k216
 k217
 k218
 k219
 k220
 k221
 k222
 k223
 k224
 k225
 k226
 k227
 k228
 k229
 k230
 k231
 k232
 k233
 k234
 k235
 k236
 k237
 k238
 k239
 k240
 k241
 k242
 k243
 k244
 k245
 k246
 k247
 k248
 k249
 k250
 k251
 k252
 k253
 k254
 k255
 k256
 k257
 k258
 k259
 k260
 k261
 k262
 k263
 k264
 k265
 k266
 k267
 k268
 k269
 k270
 k271
 k272
 k273
 k274
 k275
 k276
 k277
 k278
 k279
 k280
 k281
 k282
 k283
 k284
 k285
 k286
 k287
 k288
 k289
 k290
 k291
 k292
 k293
 k294
 k295
 k296
 k297
 k298
 k299
 k300
 k301
 k302
 k303
 k304
 k305
 k306
 k307
 k308
 k309
 k310
 k311
 k312
 k313
 k314
 k315
 k316
 k317
 k318
 k319
 k320
 k321
 k322
 k323
 k324
 k325
 k326
 k327
 k328
 k329
 k330
 k331
 k332
 k333
 k334
 k335
 k336
 k337
 k338
 k339
 k340
 k341
 k342
 k343
 k344
 k345
 k346
 k347
 k348
 k349
 k350
 k351
 k352
 k353
 k354
 k355
 k356
 k357
 k358
 k359
 k360
 k361
 k362
 k363
 k364
 k365
 k366
 k367
 k368
 k369
 k370
 k371
 k372
 k373
 k374
 k375
 k376
 k377
 k378
 k379
 k380
 k381
 k382
 k383
 k384
 k385
 k386
 k387
 k388
 k389
 k390
 k391
 k392
 k393
 k394
 k395
 k396
 k397
 k398
 k399
 k400
 k401
 k402
 k403
 k404
 k405
 k406
 k407
 k408
 k409
 k410
 k411
 k412
 k413
 k414
 k415
 k416
 k417
 k418
 k419
 k420
 k421
 k422
 k423
 k424
 k425
 k426
 k427
 k428
 k429
 k430
 k431
 k432
 k433
 k434
 k435
 k436
 k437
 k438
 k439
 k440
 k441
 k442
 k443
 k444
 k445
 k446
 k447
 k448
 k449
 k450
 k451
 k452
 k453
 k454
 k455
 k456
 k457
 k458
 k459
 k460
 k461
 k462
 k463
 k464
 k465
 k466
 k467
 k468
 k469
 k470
 k471
 k472
 k473
 k474
 k475
 k476
 k477
 k478
 k479
 k480
 k481
 k482
 k483
 k484
 k485
 k486
 k487
 k488
 k489
 k490
 k491
 k492
 k493
 k494
 k495
 k496
 k497
 k498
 k499
 k500
 k501
 k502
 k503
 k504
 k505
 k506
 k507
 k508
 k509
 k510
 k511
 k512
 k513
 k514
 k515
 k516
 k517
 k518
 k519
 k520
 k521
 k522
 k523
 k524
 k525
 k526
 k527
 k528
 k529
 k530
 k531
 k532
 k533
 k534
 k535
 k536
 k537
 k538
 k539
 k540
 k541
 k542
 k543
 k544
 k545
 k546
 k547
 k548
 k549
 k550
 k551
 k552
 k553
 k554
 k555
 k556
 k557
 k558
 k559
 k560
 k561
 k562
 k563
 k564
 k565
 k566
 k567
 k568
 k569
 k570
 k571
 k572
 k573
 k574
 k575
 k576
 k577
 k578
 k579
 k580
 k581
 k582
 k583
 k584
 k585
 k586
 k587
 k588
 k589
 k590
 k591
 k592
 k593
 k594
 k595
 k596
 k597
 k598
 k599
 k600
 k601
 k602
 k603
 k604
 k605
 k606
 k607
 k608
 k609
 k610
 k611
 k612
 k613
 k614
 k615
 k616
 k617
 k618
 k619
 k620
 k621
 k622
 k623
 k624
 k625
 k626
 k627
 k628
 k629
 k630
 k631
 k632
 k633
 k634
 k635
 k636
 k637
 k638
 k639
 k640
 k641
 k642
 k643
 k644
 k645
 k646
 k647
 k648
 k649
 k650
 k651
 k652
 k653
 k654
 k655
 k656
 k657
 k658
 k659
 k660
 k661
 k662
 k663
 k664
 k665
 k666
 k667
 k668
 k669
 k670
 k671
 k672
 k673
 k674
 k675
 k676
 k677
 k678
 k679
 k680
 k681
 k682
 k683
 k684
 k685
 k686
 k687
 k688
 k689
 k690
 k691
 k692
 k693
 k694
 k695
 k696
 k697
 k698
 k699
 k700
 k701
 k702
 k703
 k704
 k705
 k706
 k707
 k708
 k709
 k710
 k711
 k712
 k713
 k714
 k715
 k716
 k717
 k718
 k719
 k720
 k721
 k722
 k723
 k724
 k725
 k726
 k727
 k728
 k729
 k730
 k731
 k732
 k733
 k734
 k735
 k736
 k737
 k738
 k739
 k740
 k741
 k742
 k743
 k744
 k745
 k746
 k747
 k748
 k749
 k750
 k751
 k752
 k753
 k754
 k755
 k756
 k757
 k758
 k759
 k760
 k761
 k762
 k763
 k764
 k765
 k766
 k767
 k768
 k769
 k770
 k771
 k772
 k773
 k774
 k775
 k776
 k777
 k778
 k779
 k780
 k781
 k782
 k783
 k784
 k785
 k786
 k787
 k788
 k789
 k790
 k791
 k792
 k793
 k794
 k795
 k796
 k797
 k798
 k799
 k800
 k801
 k802
 k803
 k804
 k805
 k806
 k807
 k808
 k809
 k810
 k811
 k812
 k813
 k814
 k815
 k816
 k817
 k818
 k819
 k820
 k821
 k822
 k823
 k824
 k825
 k826
 k827
 k828
 k829
 k830
 k831
 k832
 k833
 k834
 k835
 k836
 k837
 k838
 k839
 k840
 k841
 k842
 k843
 k844
 k845
 k846
 k847
 k848
 k849
 k850
 k851
 k852
 k853
 k854
 k855
 k856
 k857
 k858
 k859
 k860
 k861
 k862
 k863
 k864
 k865
 k866
 k867
 k868
 k869
 k870
 k871
 k872
 k873
 k874
 k875
 k876
 k877
 k878
 k879
 k880
 k881
 k882
 k883
 k884
 k885
 k886
 k887
 k888
 k889
 k890
 k891
 k892
 k893
 k894
 k895
 k896
 k897
 k898
 k899
 k900
 k901
 k902
 k903
 k904
 k905
 k906
 k907
 k908
 k909
 k910
 k911
 k912
 k913
 k914
 k915
 k916
 k917
 k918
 k919
 k920
 k921
 k922
 k923
 k924
 k925
 k926
 k927
 k928
 k929
 k930
 k931
 k932
 k933
 k934
 k935
 k936
 k937
 k938
 k939
 k940
 k941
 k942
 k943
 k944
 k945
 k946
 k947
 k948
 k949
 k950
 k951
 k952
 k953
 k954
 k955
 k956
 k957
 k958
 k959
 k960
 k961
 k962
 k963
 k964
 k965
 k966
 k967
 k968
 k969
 k970
 k971
 k972
 k973
 k974
 k975
 k976
 k977
 k978
 k979
 k980
 k981
 k982
 k983
 k984
 k985
 k986
 k987
 k988
 k989
 k990
 k991
 k992
 k993
 k994
 k995
 k996
 k997
 k998
 k999
 k1000
 k1001
 k1002
 k1003
 k1004
 k1005
 k1006
 k1007
 k1008
 k1009
 k1010
 k1011
 k1012
 k1013
 k1014
 k1015
 k1016
 k1017
 k1018
 k1019
 k1020
 k1021
 k1022
 k1023
 k1024
 k1025
 k1026
 k1027
 k1028
 k1029
 k1030
 k1031
 k1032
 k1033
 k1034
 k1035
 k1036
 k1037
 k1038
 k1039
 k1040
 k1041
 k1042
 k1043
 k1044
 k1045
 k1046
 k1047
 k1048
 k1049
 k1050
 k1051
 k1052
 k1053
 k1054
 k1055
 k1056
 k1057
 k1058
 k1059
 k1060
 k1061
 k1062
 k1063
 k1064
 k1065
 k1066
 k1067
 k1068
 k1069
 k1070
 k1071
 k1072
 k1073
 k1074
 k1075
 k1076
 k1077
 k1078
 k1079
 k1080
 k1081
 k1082
 k1083
 k1084
 k1085
 k1086
 k1087
 k1088
 k1089
 k1090
 k1091
 k1092
 k1093
 k1094
 k1095
 k1096
 k1097
 k1098
 k1099
 k1100
 k1101
 k1102
 k1103
 k1104
 k1105
 k1106
 k1107
 k1108
 k1109
 k1110
 k1111
 k1112
 k1113
 k1114
 k1115
 k1116
 k1117
 k1118
 k1119
 k1120
 k1121
 k1122
 k1123
 k1124
 k1125
 k1126
 k1127
 k1128
 k1129
 k1130
 k1131
 k1132
 k1133
 k1134
 k1135
 k1136
 k1137
 k1138
 k1139
 k1140
 k1141
 k1142
 k1143
 k1144
 k1145
 k1146
 k1147
 k1148
 k1149
 k1150
 k1151
 k1152
 k1153
 k1154
 k1155
 k1156
 k1157
 k1158
 k1159
 k1160
 k1161
 k1162
 k1163
 k1164
 k1165
 k1166
 k1167
 k1168
 k1169
 k1170
 k1171
 k1172
 k1173
 k1174
 k1175
 k1176
 k1177
 k1178
 k1179
 k1180
 k1181
 k1182
 k1183
 k1184
 k1185
 k1186
 k1187
 k1188
 k1189
 k1190
 k1191
 k1192
 k1193
 k1194
 k1195
 k1196
 k1197
 k1198
 k1199
 k1200
 k1201
 k1202
 k1203
 k1204
 k1205
 k1206
 k1207
 k1208
 k1209
 k1210
 k1211
 k1212
 k1213
 k1214
 k1215
 k1216
 k1217
 k1218
 k1219
 k1220
 k1221
 k1222
 k1223
 k1224
 k1225
 k1226
 k1227
 k1228
 k1229
 k1230
 k1231
 k1232
 k1233
 k1234
 k1235
 k1236
 k1237
 k1238
 k1239
 k1240
 k1241
 k1242
 k1243
 k1244
 k1245
 k1246
 k1247
 k1248
 k1249
 k1250
 k1251
 k1252
 k1253
 k1254
 k1255
 k1256
 k1257
 k1258
 k1259
 k1260
 k1261
 k1262
 k1263
 k1264
 k1265
 k1266
 k1267
 k1268
 k1269
 k1270
 k1271
 k1272
 k1273
 k1274
 k1275
 k1276
 k1277
 k1278
 k1279
 k1280
 k1281
 k1282
 k1283
 k1284
 k1285
 k1286
 k1287
 k1288
 k1289
 k1290
 k1291
 k1292
 k1293
 k1294
 k1295
 k1296
 k1297
 k1298
 k1299
 k1300
 k1301
 k1302
 k1303
 k1304
 k1305
 k1306
 k1307
 k1308
 k1309
 k1310
 k1311
 k1312
 k1313
 k1314
 k1315
 k1316
 k1317
 k1318
 k1319
 k1320
 k1321
 k1322
 k1323
 k1324
 k1325
 k1326
 k1327
 k1328
 k1329
 k1330
 k1331
 k1332
 k1333
 k1334
 k1335
 k1336
 k1337
 k1338
 k1339
 k1340
 k1341
 k1342
 k1343
 k1344
 k1345
 k1346
 k1347
 k1348
 k1349
 k1350
 k1351
 k1352
 k1353
 k1354
 k1355
 k1356
 k1357
 k1358
 k1359
 k1360
 k1361
 k1362
 k1363
 k1364
 k1365
 k1366
 k1367
 k1368
 k1369
 k1370
 k1371
 k1372
 k1373
 k1374
 k1375
 k1376
 k1377
 k1378
 k1379
 k1380
 k1381
 k1382
 k1383
 k1384
 k1385
 k1386
 k1387
 k1388
 k1389
 k1390
 k1391
 k1392
 k1393
 k1394
 k1395
 k1396
 k1397
 k1398
 k1399
 k1400
 k1401
 k1402
 k1403
 k1404
 k1405
 k1406
 k1407
 k1408
 k1409
 k1410
 k1411
 k1412
 k1413
 k1414
 k1415
 k1416
 k1417
 k1418
 k1419
 k1420
 k1421
 k1422
 k1423
 k1424
 k1425
 k1426
 k1427
 k1428
 k1429
 k1430
 k1431
 k1432
 k1433
 k1434
 k1435
 k1436
 k1437
 k1438
 k1439
 k1440
 k1441
 k1442
 k1443
 k1444
 k1445
 k1446
 k1447
 k1448
 k1449
 k1450
 k1451
 k1452
 k1453
 k1454
 k1455
 k1456
 k1457
 k1458
 k1459
 k1460
 k1461
 k1462
 k1463
 k1464
 k1465
 k1466
 k1467
 k1468
 k1469
 k1470
 k1471
 k1472
 k1473
 k1474
 k1475
 k1476
 k1477
 k1478
 k1479
 k1480
 k1481
 k1482
 k1483
 k1484
 k1485
 k1486
 k1487
 k1488
 k1489
 k1490
 k1491
 k1492
 k1493
 k1494
 k1495
 k1496
 k1497
 k1498
 k1499
 k1500
 k1501
 k1502
 k1503
 k1504
 k1505
 k1506
 k1507
 k1508
 k1509
 k1510
 k1511
 k1512
 k1513
 k1514
 k1515
 k1516
 k1517
 k1518
 k1519
 k1520
 k1521
 k1522
 k1523
 k1524
 k1525
 k1526
 k1527
 k1528
 k1529
 k1530
 k1531
 k1532
 k1533
 k1534
 k1535
 k1536
 k1537
 k1538
 k1539
 k1540
 k1541
 k1542
 k1543
 k1544
 k1545
 k1546
 k1547
 k1548
 k1549
 k1550
 k1551
 k1552
 k1553
 k1554
 k1555
 k1556
 k1557
 k1558
 k1559
 k1560
 k1561
 k1562
 k1563
 k1564
 k1565
 k1566
 k1567
 k1568
 k1569
 k1570
 k1571
 k1572
 k1573
 k1574
 k1575
 k1576
 k1577
 k1578
 k1579
 k1580
 k1581
 k1582
 k1583
 k1584
 k1585
 k1586
 k1587
 k1588
 k1589
 k1590
 k1591
 k1592
 k1593
 k1594
 k1595
 k1596
 k1597
 k1598
 k1599
 k1600
 k1601
 k1602
 k1603
 k1604
 k1605
 k1606
 k1607
 k1608
 k1609
 k1610
 k1611
 k1612
 k1613
 k1614
 k1615
 k1616
 k1617
 k1618
 k1619
 k1620
 k1621
 k1622
 k1623
 k1624
 k1625
 k1626
 k1627
 k1628
 k1629
 k1630
 k1631
 k1632
 k1633
 k1634
 k1635
 k1636
 k1637
 k1638
 k1639
 k1640
 k1641
 k1642
 k1643
 k1644
 k1645
 k1646
 k1647
 k1648
 k1649
 k1650
 k1651
 k1652
 k1653
 k1654
 k1655
 k1656
 k1657
 k1658
 k1659
 k1660
 k1661
 k1662
 k1663
 k1664
 k1665
 k1666
 k1667
 k1668
 k1669
 k1670
 k1671
 k1672
 k1673
 k1674
 k1675
 k1676
 k1677
 k1678
 k1679
 k1680
 k1681
 k1682
 k1683
 k1684
 k1685
 k1686
 k1687
 k1688
 k1689
 k1690
 k1691
 k1692
 k1693
 k1694
 k1695
 k1696
 k1697
 k1698
 k1699
 k1700
 k1701
 k1702
 k1703
 k1704
 k1705
 k1706
 k1707
 k1708
 k1709
 k1710
 k1711
 k1712
 k1713
 k1714
 k1715
 k1716
 k1717
 k1718
 k1719
 k1720
 k1721
 k1722
 k1723
 k1724
 k1725
 k1726
 k1727
 k1728
 k1729
 k1730
 k1731
 k1732
 k1733
 k1734
 k1735
 k1736
 k1737
 k1738
 k1739
 k1740
 k1741
 k1742
 k1743
 k1744
 k1745
 k1746
 k1747
 k1748
 k1749
 k1750
 k1751
 k1752
 k1753
 k1754
 k1755
 k1756
 k1757
 k1758
 k1759
 k1760
 k1761
 k1762
 k1763
 k1764
 k1765
 k1766
 k1767
 k1768
 k1769
 k1770
 k1771
 k1772
 k1773
 k1774
 k1775
 k1776
 k1777
 k1778
 k1779
 k1780
 k1781
 k1782
 k1783
 k1784
 k1785
 k1786
 k1787
 k1788
 k1789
 k1790
 k1791
 k1792
 k1793
 k1794
 k1795
 k1796
 k1797
 k1798
 k1799
 k1800
 k1801
 k1802
 k1803
 k1804
 k1805
 k1806
 k1807
 k1808
 k1809
 k1810
 k1811
 k1812
 k1813
 k1814
 k1815
 k1816
 k1817
 k1818
 k1819
 k1820
 k1821
 k1822
 k1823
 k1824
 k1825
 k1826
 k1827
 k1828
 k1829
 k1830
 k1831
 k1832
 k1833
 k1834
 k1835
 k1836
 k1837
 k1838
 k1839
 k1840
 k1841
 k1842
 k1843
 k1844
 k1845
 k1846
 k1847
 k1848
 k1849
 k1850
 k1851
 k1852
 k1853
 k1854
 k1855
 k1856
 k1857
 k1858
 k1859
 k1860
 k1861
 k1862
 k1863
 k1864
 k1865
 k1866
 k1867
 k1868
 k1869
 k1870
 k1871
 k1872
 k1873
 k1874
 k1875
 k1876
 k1877
 k1878
 k1879
 k1880
 k1881
 k1882
 k1883
 k1884
 k1885
 k1886
 k1887
 k1888
 k1889
 k1890
 k1891
 k1892
 k1893
 k1894
 k1895
 k1896
 k1897
 k1898
 k1899
 k1900
 k1901
 k1902
 k1903
 k1904
 k1905
 k1906
 k1907
 k1908
 k1909
 k1910
 k1911
 k1912
 k1913
 k1914
 k1915
 k1916
 k1917
 k1918
 k1919
 k1920
 k1921
 k1922
 k1923
 k1924
 k1925
 k1926
 k1927
 k1928
 k1929
 k1930
 k1931
 k1932
 k1933
 k1934
 k1935
 k1936
 k1937
 k1938
 k1939
 k1940
 k1941
 k1942
 k1943
 k1944
 k1945
 k1946
 k1947
 k1948
 k1949
 k1950
 k1951
 k1952
 k1953
 k1954
 k1955
 k1956
 k1957
 k1958
 k1959
 k1960
 k1961
 k1962
 k1963
 k1964
 k1965
 k1966
 k1967
 k1968
 k1969
 k1970
 k1971
 k1972
 k1973
 k1974
 k1975
 k1976
 k1977
 k1978
 k1979
 k1980
 k1981
 k1982
 k1983
 k1984
 k1985
 k1986
 k1987
 k1988
 k1989
 k1990
 k1991
 k1992
 k1993
 k1994
 k1995
 k1996
 k1997
 k1998
 k1999
 k2000
 k2001
 k2002
 k2003
 k2004
 k2005
 k2006
 k2007
 k2008
 k2009
 k2010
 k2011
 k2012
 k2013
 k2014
 k2015
 k2016
 k2017
 k2018
 k2019
 k2020
 k2021
 k2022
 k2023
 k2024
 k2025
 k2026
 k2027
 k2028
 k2029
 k2030
 k2031
 k2032
 k2033
 k2034
 k2035
 k2036
 k2037
 k2038
 k2039
 k2040
 k2041
 k2042
 k2043
 k2044
 k2045
 k2046
 k2047
 k2048
 k2049
 k2050
 k2051
 k2052
 k2053
 k2054
 k2055
 k2056
 k2057
 k2058
 k2059
 k2060
 k2061
 k2062
 k2063
 k2064
 k2065
 k2066
 k2067
 k2068
 k2069
 k2070
 k2071
 k2072
 k2073
 k2074
 k2075
 k2076
 k2077
 k2078
 k2079
 k2080
 k2081
 k2082
 k2083
 k2084
 k2085
 k2086
 k2087
 k2088
 k2089
 k2090
 k2091
 k2092
 k2093
 k2094
 k2095
 k2096
 k2097
 k2098
 k2099
 k2100
 k2101
 k2102
 k2103
 k2104
 k2105
 k2106
 k2107
 k2108
 k2109
 k2110
 k2111
 k2112
 k2113
 k2114
 k2115
 k2116
 k2117
 k2118
 k2119
 k2120
 k2121
 k2122
 k2123
 k2124
 k2125
 k2126
 k2127
 k2128
 k2129
 k2130
 k2131
 k2132
 k2133
 k2134
 k2135
 k2136
 k2137
 k2138
 k2139
 k2140
 k2141
 k2142
 k2143
 k2144
 k2145
 k2146
 k2147
 k2148
 k2149
 k2150
 k2151
 k2152
 k2153
 k2154
 k2155
 k2156
 k2157
 k2158
 k2159
 k2160
 k2161
 k2162
 k2163
 k2164
 k2165
 k2166
 k2167
 k2168
 k2169
 k2170
 k2171
 k2172
 k2173
 k2174
 k2175
 k2176
 k2177
 k2178
 k2179
 k2180
 k2181
 k2182
 k2183
 k2184
 k2185
 k2186
 k2187
 k2188
 k2189
 k2190
 k2191
 k2192
 k2193
 k2194
 k2195
 k2196
 k2197
 k2198
 k2199
 k2200
 k2201
 k2202
 k2203
 k2204
 k2205
 k2206
 k2207
 k2208
 k2209
 k2210
 k2211
 k2212
 k2213
 k2214
 k2215
 k2216
 k2217
 k2218
 k2219
 k2220
 k2221
 k2222
 k2223
 k2224
 k2225
 k2226
 k2227
 k2228
 k2229
 k2230
 k2231
 k2232
 k2233
 k2234
 k2235
 k2236
 k2237
 k2238
 k2239
 k2240
 k2241
 k2242
 k2243
 k2244
 k2245
 k2246
 k2247
 k2248
 k2249
 k2250
 k2251
 k2252
 k2253
 k2254
 k2255
 k2256
 k2257
 k2258
 k2259
 k2260
 k2261
 k2262
 k2263
 k2264
 k2265
 k2266
 k2267
 k2268
 k2269
 k2270
 k2271
 k2272
 k2273
 k2274
 k2275
 k2276
 k2277
 k2278
 k2279
 k2280
 k2281
 k2282
 k2283
 k2284
 k2285
 k2286
 k2287
 k2288
 k2289
 k2290
 k2291
 k2292
 k2293
 k2294
 k2295
 k2296
 k2297
 k2298
 k2299
 k2300
 k2301
 k2302
 k2303
 k2304
 k2305
 k2306
 k2307
 k2308
 k2309
 k2310
 k2311
 k2312
 k2313
 k2314
 k2315
 k2316
 k2317
 k2318
 k2319
 k2320
 k2321
 k2322
 k2323
 k2324
 k2325
 k2326
 k2327
 k2328
 k2329
 k2330
 k2331
 k2332
 k2333
 k2334
 k2335
 k2336
 k2337
 k2338
 k2339
 k2340
 k2341
 k2342
 k2343
 k2344
 k2345
 k2346
 k2347
 k2348
 k2349
 k2350
 k2351
 k2352
 k2353
 k2354
 k2355
 k2356
 k2357
 k2358
 k2359
 k2360
 k2361
 k2362
 k2363
 k2364
 k2365
 k2366
 k2367
 k2368
 k2369
 k2370
 k2371
 k2372
 k2373
 k2374
 k2375
 k2376
 k2377
 k2378
 k2379
 k2380
 k2381
 k2382
 k2383
 k2384
 k2385
 k2386
 k2387
 k2388
 k2389
 k2390
 k2391
 k2392
 k2393
 k2394
 k2395
 k2396
 k2397
 k2398
 k2399
 k2400
 k2401
 k2402
 k2403
 k2404
 k2405
 k2406
 k2407
 k2408
 k2409
 k2410
 k2411
 k2412
 k2413
 k2414
 k2415
 k2416
 k2417
 k2418
 k2419
 k2420
 k2421
 k2422
 k2423
 k2424
 k2425
 k2426
 k2427
 k2428
 k2429
 k2430
 k2431
 k2432
 k2433
 k2434
 k2435
 k2436
 k2437
 k2438
 k2439
 k2440
 k2441
 k2442
 k2443
 k2444
 k2445
 k2446
 k2447
 k2448
 k2449
 k2450
 k2451
 k2452
 k2453
 k2454
 k2455
 k2456
 k2457
 k2458
 k2459
 k2460
 k2461
 k2462
 k2463
 k2464
 k2465
 k2466
 k2467
 k2468
 k2469
 k2470
 k2471
 k2472
 k2473
 k2474
 k2475
 k2476
 k2477
 k2478
 k2479
 k2480
 k2481
 k2482
 k2483
 k2484
 k2485
 k2486
 k2487
 k2488
 k2489
 k2490
 k2491
 k2492
 k2493
 k2494
 k2495
 k2496
 k2497
 k2498
 k2499
 k2500
 k2501
 k2502
 k2503
 k2504
 k2505
 k2506
 k2507
 k2508
 k2509
 k2510
 k2511
 k2512
 k2513
 k2514
 k2515
 k2516
 k2517
 k2518
 k2519
 k2520
 k2521
 k2522
 k2523
 k2524
 k2525
 k2526
 k2527
 k2528
 k2529
 k2530
 k2531
 k2532
 k2533
 k2534
 k2535
 k2536
 k2537
 k2538
 k2539
 k2540
 k2541
 k2542
 k2543
 k2544
 k2545
 k2546
 k2547
 k2548
 k2549
 k2550
 k2551
 k2552
 k2553
 k2554
 k2555
 k2556
 k2557
 k2558
 k2559
 k2560
 k2561
 k2562
 k2563
 k2564
 k2565
 k2566
 k2567
 k2568
 k2569
 k2570
 k2571
 k2572
 k2573
 k2574
 k2575
 k2576
 k2577
 k2578
 k2579
 k2580
 k2581
 k2582
 k2583
 k2584
 k2585
 k2586
 k2587
 k2588
 k2589
 k2590
 k2591
 k2592
 k2593
 k2594
 k2595
 k2596
 k2597
 k2598
 k2599
 k2600
 k2601
 k2602
 k2603
 k2604
 k2605
 k2606
 k2607
 k2608
 k2609
 k2610
 k2611
 k2612
 k2613
 k2614
 k2615
 k2616
 k2617
 k2618
 k2619
 k2620
 k2621
 k2622
 k2623
 k2624
 k2625
 k2626
 k2627
 k2628
 k2629
 k2630
 k2631
 k2632
 k2633
 k2634
 k2635
 k2636
 k2637
 k2638
 k2639
 k2640
 k2641
 k2642
 k2643
 k2644
 k2645
 k2646
 k2647
 k2648
 k2649
 k2650
 k2651
 k2652
 k2653
 k2654
 k2655
 k2656
 k2657
 k2658
 k2659
 k2660
 k2661
 k2662
 k2663
 k2664
 k2665
 k2666
 k2667
 k2668
 k2669
 k2670
 k2671
 k2672
 k2673
 k2674
 k2675
 k2676
 k2677
 k2678
 k2679
 k2680
 k2681
 k2682
 k2683
 k2684
 k2685
 k2686
 k2687
 k2688
 k2689
 k2690
 k2691
 k2692
 k2693
 k2694
 k2695
 k2696
 k2697
 k2698
 k2699
 k2700
 k2701
 k2702
 k2703
 k2704
 k2705
 k2706
 k2707
 k2708
 k2709
 k2710
 k2711
 k2712
 k2713
 k2714
 k2715
 k2716
 k2717
 k2718
 k2719
 k2720
 k2721
 k2722
 k2723
 k2724
 k2725
 k2726
 k2727
 k2728
 k2729
 k2730
 k2731
 k2732
 k2733
 k2734
 k2735
 k2736
 k2737
 k2738
 k2739
 k2740
 k2741
 k2742
 k2743
 k2744
 k2745
 k2746
 k2747
 k2748
 k2749
 k2750
 k2751
 k2752
 k2753
 k2754
 k2755
 k2756
 k2757
 k2758
 k2759
 k2760
 k2761
 k2762
 k2763
 k2764
 k2765
 k2766
 k2767
 k2768
 k2769
 k2770
 k2771
 k2772
 k2773
 k2774
 k2775
 k2776
 k2777
 k2778
 k2779
 k2780
 k2781
 k2782
 k2783
 k2784
 k2785
 k2786
 k2787
 k2788
 k2789
 k2790
 k2791
 k2792
 k2793
 k2794
 k2795
 k2796
 k2797
 k2798
 k2799
 k2800
 k2801
 k2802
 k2803
 k2804
 k2805
 k2806
 k2807
 k2808
 k2809
 k2810
 k2811
 k2812
 k2813
 k2814
 k2815
 k2816
 k2817
 k2818
 k2819
 k2820
 k2821
 k2822
 k2823
 k2824
 k2825
 k2826
 k2827
 k2828
 k2829
 k2830
 k2831
 k2832
 k2833
 k2834
 k2835
 k2836
 k2837
 k2838
 k2839
 k2840
 k2841
 k2842
 k2843
 k2844
 k2845
 k2846
 k2847
 k2848
 k2849
 k2850
 k2851
 k2852
 k2853
 k2854
 k2855
 k2856
 k2857
 k2858
 k2859
 k2860
 k2861
 k2862
 k2863
 k2864
 k2865
 k2866
 k2867
 k2868
 k2869
 k2870
 k2871
 k2872
 k2873
 k2874
 k2875
 k2876
 k2877
 k2878
 k2879
 k2880
 k2881
 k2882
 k2883
 k2884
 k2885
 k2886
 k2887
 k2888
 k2889
 k2890
 k2891
 k2892
 k2893
 k2894
 k2895
 k2896
 k2897
 k2898
 k2899
 k2900
 k2901
 k2902
 k2903
 k2904
 k2905
 k2906
 k2907
 k2908
 k2909
 k2910
 k2911
 k2912
 k2913
 k2914
 k2915
 k2916
 k2917
 k2918
 k2919
 k2920
 k2921
 k2922
 k2923
 k2924
 k2925
 k2926
 k2927
 k2928
 k2929
 k2930
 k2931
 k2932
 k2933
 k2934
 k2935
 k2936
 k2937
 k2938
 k2939
 k2940
 k2941
 k2942
 k2943
 k2944
 k2945
 k2946
 k2947
 k2948
 k2949
 k2950
 k2951
 k2952
 k2953
 k2954
 k2955
 k2956
 k2957
 k2958
 k2959
 k2960
 k2961
 k2962
 k2963
 k2964
 k2965
 k2966
 k2967
 k2968
 k2969
 k2970
 k2971
 k2972
 k2973
 k2974
 k2975
 k2976
 k2977
 k2978
 k2979
 k2980
 k2981
 k2982
 k2983
 k2984
 k2985
 k2986
 k2987
 k2988
 k2989
 k2990
 k2991
 k2992
 k2993
 k2994
 k2995
 k2996
 k2997
 k2998
 k2999
 k3000
 k3001
 k3002
 k3003
 k3004
 k3005
 k3006
 k3007
 k3008
 k3009
 k3010
 k3011
 k3012
 k3013
 k3014
 k3015
 k3016
 k3017
 k3018
 k3019
 k3020
 k3021
 k3022
 k3023
 k3024
 k3025
 k3026
 k3027
 k3028
 k3029
 k3030
 k3031
 k3032
 k3033
 k3034
 k3035
 k3036
 k3037
 k3038
 k3039
 k3040
 k3041
 k3042
 k3043
 k3044
 k3045
 k3046
 k3047
 k3048
 k3049
 k3050
 k3051
 k3052
 k3053
 k3054
 k3055
 k3056
 k3057
 k3058
 k3059
 k3060
 k3061
 k3062
 k3063
 k3064
 k3065
 k3066
 k3067
 k3068
 k3069
 k3070
 k3071
 k3072
 k3073
 k3074
 k3075
 k3076
 k3077
 k3078
 k3079
 k3080
 k3081
 k3082
 k3083
 k3084
 k3085
 k3086
 k3087
 k3088
 k3089
 k3090
 k3091
 k3092
 k3093
 k3094
 k3095
 k3096
 k3097
 k3098
 k3099
 k3100
 k3101
 k3102
 k3103
 k3104
 k3105
 k3106
 k3107
 k3108
 k3109
 k3110
 k3111
 k3112
 k3113
 k3114
 k3115
 k3116
 k3117
 k3118
 k3119
 k3120
 k3121
 k3122
 k3123
 k3124
 k3125
 k3126
 k3127
 k3128
 k3129
 k3130
 k3131
 k3132
 k3133
 k3134
 k3135
 k3136
 k3137
 k3138
 k3139
 k3140
 k3141
 k3142
 k3143
 k3144
 k3145
 k3146
 k3147
 k3148
 k3149
 k3150
 k3151
 k3152
 k3153
 k3154
 k3155
 k3156
 k3157
 k3158
 k3159
 k3160
 k3161
 k3162
 k3163
 k3164
 k3165
 k3166
 k3167
 k3168
 k3169
 k3170
 k3171
 k3172
 k3173
 k3174
 k3175
 k3176
 k3177
 k3178
 k3179
 k3180
 k3181
 k3182
 k3183
 k3184
 k3185
 k3186
 k3187
 k3188
 k3189
 k3190
 k3191
 k3192
 k3193
 k3194
 k3195
 k3196
 k3197
 k3198
 k3199
 k3200
 k3201
 k3202
 k3203
 k3204
 k3205
 k3206
 k3207
 k3208
 k3209
 k3210
 k3211
 k3212
 k3213
 k3214
 k3215
 k3216
 k3217
 k3218
 k3219
 k3220
 k3221
 k3222
 k3223
 k3224
 k3225
 k3226
 k3227
 k3228
 k3229
 k3230
 k3231
 k3232
 k3233
 k3234
 k3235
 k3236
 k3237
 k3238
 k3239
 k3240
 k3241
 k3242
 k3243
 k3244
 k3245
 k3246
 k3247
 k3248
 k3249
 k3250
 k3251
 k3252
 k3253
 k3254
 k3255
 k3256
 k3257
 k3258
 k3259
 k3260
 k3261
 k3262
 k3263
 k3264
 k3265
 k3266
 k3267
 k3268
 k3269
 k3270
 k3271
 k3272
 k3273
 k3274
 k3275
 k3276
 k3277
 k3278
 k3279
 k3280
 k3281
 k3282
 k3283
 k3284
 k3285
 k3286
 k3287
 k3288
 k3289
 k3290
 k3291
 k3292
 k3293
 k3294
 k3295
 k3296
 k3297
 k3298
 k3299
 k3300
 k3301
 k3302
 k3303
 k3304
 k3305
 k3306
 k3307
 k3308
 k3309
 k3310
 k3311
 k3312
 k3313
 k3314
 k3315
 k3316
 k3317
 k3318
 k3319
 k3320
 k3321
 k3322
 k3323
 k3324
 k3325
 k3326
 k3327
 k3328
 k3329
 k3330
 k3331
 k3332
 k3333
 k3334
 k3335
 k3336
 k3337
 k3338
 k3339
 k3340
 k3341
 k3342
 k3343
 k3344
 k3345
 k3346
 k3347
 k3348
 k3349
 k3350
 k3351
 k3352
 k3353
 k3354
 k3355
 k3356
 k3357
 k3358
 k3359
 k3360
 k3361
 k3362
 k3363
 k3364
 k3365
 k3366
 k3367
 k3368
 k3369
 k3370
 k3371
 k3372
 k3373
 k3374
 k3375
 k3376
 k3377
 k3378
 k3379
 k3380
 k3381
 k3382
 k3383
 k3384
 k3385
 k3386
 k3387
 k3388
 k3389
 k3390
 k3391
 k3392
 k3393
 k3394
 k3395
 k3396
 k3397
 k3398
 k3399
 k3400
 k3401
 k3402
 k3403
 k3404
 k3405
 k3406
 k3407
 k3408
 k3409
 k3410
 k3411
 k3412
 k3413
 k3414
 k3415
 k3416
 k3417
 k3418
 k3419
 k3420
 k3421
 k3422
 k3423
 k3424
 k3425
 k3426
 k3427
 k3428
 k3429
 k3430
 k3431
 k3432
 k3433
 k3434
 k3435
 k3436
 k3437
 k3438
 k3439
 k3440
 k3441
 k3442
 k3443
 k3444
 k3445
 k3446
 k3447
 k3448
 k3449
 k3450
 k3451
 k3452
 k3453
 k3454
 k3455
 k3456
 k3457
 k3458
 k3459
 k3460
 k3461
 k3462
 k3463
 k3464
 k3465
 k3466
 k3467
 k3468
 k3469
 k3470
 k3471
 k3472
 k3473
 k3474
 k3475
 k3476
 k3477
 k3478
 k3479
 k3480
 k3481
 k3482
 k3483
 k3484
 k3485
 k3486
 k3487
 k3488
 k3489
 k3490
 k3491
 k3492
 k3493
 k3494
 k3495
 k3496
 k3497
 k3498
 k3499
 k3500
 k3501
 k3502
 k3503
 k3504
 k3505
 k3506
 k3507
 k3508
 k3509
 k3510
 k3511
 k3512
 k3513
 k3514
 k3515
 k3516
 k3517
 k3518
 k3519
 k3520
 k3521
 k3522
 k3523
 k3524
 k3525
 k3526
 k3527
 k3528
 k3529
 k3530
 k3531
 k3532
 k3533
 k3534
 k3535
 k3536
 k3537
 k3538
 k3539
 k3540
 k3541
 k3542
 k3543
 k3544
 k3545
 k3546
 k3547
 k3548
 k3549
 k3550
 k3551
 k3552
 k3553
 k3554
 k3555
 k3556
 k3557
 k3558
 k3559
 k3560
 k3561
 k3562
 k3563
 k3564
 k3565
 k3566
 k3567
 k3568
 k3569
 k3570
 k3571
 k3572
 k3573
 k3574
 k3575
 k3576
 k3577
 k3578
 k3579
 k3580
 k3581
 k3582
 k3583
 k3584
 k3585
 k3586
 k3587
 k3588
 k3589
 k3590
 k3591
 k3592
 k3593
 k3594
 k3595
 k3596
 k3597
 k3598
 k3599
 k3600
 k3601
 k3602
 k3603
 k3604
 k3605
 k3606
 k3607
 k3608
 k3609
 k3610
 k3611
 k3612
 k3613
 k3614
 k3615
 k3616
 k3617
 k3618
 k3619
 k3620
 k3621
 k3622
 k3623
 k3624
 k3625
 k3626
 k3627
 k3628
 k3629
 k3630
 k3631
 k3632
 k3633
 k3634
 k3635
 k3636
 k3637
 k3638
 k3639
 k3640
 k3641
 k3642
 k3643
 k3644
 k3645
 k3646
 k3647
 k3648
 k3649
 k3650
 k3651
 k3652
 k3653
 k3654
 k3655
 k3656
 k3657
 k3658
 k3659
 k3660
 k3661
 k3662
 k3663
 k3664
 k3665
 k3666
 k3667
 k3668
 k3669
 k3670
 k3671
 k3672
 k3673
 k3674
 k3675
 k3676
 k3677
 k3678
 k3679
 k3680
 k3681
 k3682
 k3683
 k3684
 k3685
 k3686
 k3687
 k3688
 k3689
 k3690
 k3691
 k3692
 k3693
 k3694
 k3695
 k3696
 k3697
 k3698
 k3699
 k3700
 k3701
 k3702
 k3703
 k3704
 k3705
 k3706
 k3707
 k3708
 k3709
 k3710
 k3711
 k3712
 k3713
 k3714
 k3715
 k3716
 k3717
 k3718
 k3719
 k3720
 k3721
 k3722
 k3723
 k3724
 k3725
 k3726
 k3727
 k3728
 k3729
 k3730
 k3731
 k3732
 k3733
 k3734
 k3735
 k3736
 k3737
 k3738
 k3739
 k3740
 k3741
 k3742
 k3743
 k3744
 k3745
 k3746
 k3747
 k3748
 k3749
 k3750
 k3751
 k3752
 k3753
 k3754
 k3755
 k3756
 k3757
 k3758
 k3759
 k3760
 k3761
 k3762
 k3763
 k3764
 k3765
 k3766
 k3767
 k3768
 k3769
 k3770
 k3771
 k3772
 k3773
 k3774
 k3775
 k3776
 k3777
 k3778
 k3779
 k3780
 k3781
 k3782
 k3783
 k3784
 k3785
 k3786
 k3787
 k3788
 k3789
 k3790
 k3791
 k3792
 k3793
 k3794
 k3795
 k3796
 k3797
 k3798
 k3799
 k3800
 k3801
 k3802
 k3803
 k3804
 k3805
 k3806
 k3807
 k3808
 k3809
 k3810
 k3811
 k3812
 k3813
 k3814
 k3815
 k3816
 k3817
 k3818
 k3819
 k3820
 k3821
 k3822
 k3823
 k3824
 k3825
 k3826
 k3827
 k3828
 k3829
 k3830
 k3831
 k3832
 k3833
 k3834
 k3835
 k3836
 k3837
 k3838
 k3839
 k3840
 k3841
 k3842
 k3843
 k3844
 k3845
 k3846
 k3847
 k3848
 k3849
 k3850
 k3851
 k3852
 k3853
 k3854
 k3855
 k3856
 k3857
 k3858
 k3859
 k3860
 k3861
 k3862
 k3863
 k3864
 k3865
 k3866
 k3867
 k3868
 k3869
 k3870
 k3871
 k3872
 k3873
 k3874
 k3875
 k3876
 k3877
 k3878
 k3879
 k3880
 k3881
 k3882
 k3883
 k3884
 k3885
 k3886
 k3887
 k3888
 k3889
 k3890
 k3891
 k3892
 k3893
 k3894
 k3895
 k3896
 k3897
 k3898
 k3899
 k3900
 k3901
 k3902
 k3903
 k3904
 k3905
 k3906
 k3907
 k3908
 k3909
 k3910
 k3911
 k3912
 k3913
 k3914
 k3915
 k3916
 k3917
 k3918
 k3919
 k3920
 k3921
 k3922
 k3923
 k3924
 k3925
 k3926
 k3927
 k3928
 k3929
 k3930
 k3931
 k3932
 k3933
 k3934
 k3935
 k3936
 k3937
 k3938
 k3939
 k3940
 k3941
 k3942
 k3943
 k3944
 k3945
 k3946
 k3947
 k3948
 k3949
 k3950
 k3951
 k3952
 k3953
 k3954
 k3955
 k3956
 k3957
 k3958
 k3959
 k3960
 k3961
 k3962
 k3963
 k3964
 k3965
 k3966
 k3967
 k3968
 k3969
 k3970
 k3971
 k3972
 k3973
 k3974
 k3975
 k3976
 k3977
 k3978
 k3979
 k3980
 k3981
 k3982
 k3983
 k3984
 k3985
 k3986
 k3987
 k3988
 k3989
 k3990
 k3991
 k3992
 k3993
 k3994
 k3995
 k3996
 k3997
 k3998
 k3999
 k4000
 k4001
 k4002
 k4003
 k4004
 k4005
 k4006
 k4007
 k4008
 k4009
 k4010
 k4011
 k4012
 k4013
 k4014
 k4015
 k4016
 k4017
 k4018
 k4019
 k4020
 k4021
 k4022
 k4023
 k4024
 k4025
 k4026
 k4027
 k4028
 k4029
 k4030
 k4031
 k4032
 k4033
 k4034
 k4035
 k4036
 k4037
 k4038
 k4039
 k4040
 k4041
 k4042
 k4043
 k4044
 k4045
 k4046
 k4047
 k4048
 k4049
 k4050
 k4051
 k4052
 k4053
 k4054
 k4055
 k4056
 k4057
 k4058
 k4059
 k4060
 k4061
 k4062
 k4063
 k4064
 k4065
 k4066
 k4067
 k4068
 k4069
 k4070
 k4071
 k4072
 k4073
 k4074
 k4075
 k4076
 k4077
 k4078
 k4079
 k4080
 k4081
 k4082
 k4083
 k4084
 k4085
 k4086
 k4087
 k4088
 k4089
 k4090
 k4091
 k4092
 k4093
 k4094
 k4095
 k4096
 k4097
 k4098
 k4099
 k4100
 k4101
 k4102
 k4103
 k4104
 k4105
 k4106
 k4107
 k4108
 k4109
 k4110
 k4111
 k4112
 k4113
 k4114
 k4115
 k4116
 k4117
 k4118
 k4119
 k4120
 k4121
 k4122
 k4123
 k4124
 k4125
 k4126
 k4127
 k4128
 k4129
 k4130
 k4131
 k4132
 k4133
 k4134
 k4135
 k4136
 k4137
 k4138
 k4139
 k4140
 k4141
 k4142
 k4143
 k4144
 k4145
 k4146
 k4147
 k4148
 k4149
 k4150
 k4151
 k4152
 k4153
 k4154
 k4155
 k4156
 k4157
 k4158
 k4159
 k4160
 k4161
 k4162
 k4163
 k4164
 k4165
 k4166
 k4167
 k4168
 k4169
 k4170
 k4171
 k4172
 k4173
 k4174
 k4175
 k4176
 k4177
 k4178
 k4179
 k4180
 k4181
 k4182
 k4183
 k4184
 k4185
 k4186
 k4187
 k4188
 k4189
 k4190
 k4191
 k4192
 k4193
 k4194
 k4195
 k4196
 k4197
 k4198
 k4199
 k4200
 k4201
 k4202
 k4203
 k4204
 k4205
 k4206
 k4207
 k4208
 k4209
 k4210
 k4211
 k4212
 k4213
 k4214
 k4215
 k4216
 k4217
 k4218
 k4219
 k4220
 k4221
 k4222
 k4223
 k4224
 k4225
 k4226
 k4227
 k4228
 k4229
 k4230
 k4231
 k4232
 k4233
 k4234
 k4235
 k4236
 k4237
 k4238
 k4239
 k4240
 k4241
 k4242
 k4243
 k4244
 k4245
 k4246
 k4247
 k4248
 k4249
 k4250
 k4251
 k4252
 k4253
 k4254
 k4255
 k4256
 k4257
 k4258
 k4259
 k4260
 k4261
 k4262
 k4263
 k4264
 k4265
 k4266
 k4267
 k4268
 k4269
 k4270
 k4271
 k4272
 k4273
 k4274
 k4275
 k4276
 k4277
 k4278
 k4279
 k4280
 k4281
 k4282
 k4283
 k4284
 k4285
 k4286
 k4287
 k4288
 k4289
 k4290
 k4291
 k4292
 k4293
 k4294
 k4295
 k4296
 k4297
 k4298
 k4299
 k4300
 k4301
 k4302
 k4303
 k4304
 k4305
 k4306
 k4307
 k4308
 k4309
 k4310
 k4311
 k4312
 k4313
 k4314
 k4315
 k4316
 k4317
 k4318
 k4319
 k4320
 k4321
 k4322
 k4323
 k4324
 k4325
 k4326
 k4327
 k4328
 k4329
 k4330
 k4331
 k4332
 k4333
 k4334
 k4335
 k4336
 k4337
 k4338
 k4339
 k4340
 k4341
 k4342
 k4343
 k4344
 k4345
 k4346
 k4347
 k4348
 k4349
 k4350
 k4351
 k4352
 k4353
 k4354
 k4355
 k4356
 k4357
 k4358
 k4359
 k4360
 k4361
 k4362
 k4363
 k4364
 k4365
 k4366
 k4367
 k4368
 k4369
 k4370
 k4371
 k4372
 k4373
 k4374
 k4375
 k4376
 k4377
 k4378
 k4379
 k4380
 k4381
 k4382
 k4383
 k4384
 k4385
 k4386
 k4387
 k4388
 k4389
 k4390
 k4391
 k4392
 k4393
 k4394
 k4395
 k4396
 k4397
 k4398
 k4399
 k4400
 k4401
 k4402
 k4403
 k4404
 k4405
 k4406
 k4407
 k4408
 k4409
 k4410
 k4411
 k4412
 k4413
 k4414
 k4415
 k4416
 k4417
 k4418
 k4419
 k4420
 k4421
 k4422
 k4423
 k4424
 k4425
 k4426
 k4427
 k4428
 k4429
 k4430
 k4431
 k4432
 k4433
 k4434
 k4435
 k4436
 k4437
 k4438
 k4439
 k4440
 k4441
 k4442
 k4443
 k4444
 k4445
 k4446
 k4447
 k4448
 k4449
 k4450
 k4451
 k4452
 k4453
 k4454
 k4455
 k4456
 k4457
 k4458
 k4459
 k4460
 k4461
 k4462
 k4463
 k4464
 k4465
 k4466
 k4467
 k4468
 k4469
 k4470
 k4471
 k4472
 k4473
 k4474
 k4475
 k4476
 k4477
 k4478
 k4479
 k4480
 k4481
 k4482
 k4483
 k4484
 k4485
 k4486
 k4487
 k4488
 k4489
 k4490
 k4491
 k4492
 k4493
 k4494
 k4495
 k4496
 k4497
 k4498
 k4499
 k4500
 k4501
 k4502
 k4503
 k4504
 k4505
 k4506
 k4507
 k4508
 k4509
 k4510
 k4511
 k4512
 k4513
 k4514
 k4515
 k4516
 k4517
 k4518
 k4519
 k4520
 k4521
 k4522
 k4523
 k4524
 k4525
 k4526
 k4527
 k4528
 k4529
 k4530
 k4531
 k4532
 k4533
 k4534
 k4535
 k4536
 k4537
 k4538
 k4539
 k4540
 k4541
 k4542
 k4543
 k4544
 k4545
 k4546
 k4547
 k4548
 k4549
 k4550
 k4551
 k4552
 k4553
 k4554
 k4555
 k4556
 k4557
 k4558
 k4559
 k4560
 k4561
 k4562
 k4563
 k4564
 k4565
 k4566
 k4567
 k4568
 k4569
 k4570
 k4571
 k4572
 k4573
 k4574
 k4575
 k4576
 k4577
 k4578
 k4579
 k4580
 k4581
 k4582
 k4583
 k4584
 k4585
 k4586
 k4587
 k4588
 k4589
 k4590
 k4591
 k4592
 k4593
 k4594
 k4595
 k4596
 k4597
 k4598
 k4599
 k4600
 k4601
 k4602
 k4603
 k4604
 k4605
 k4606
 k4607
 k4608
 k4609
 k4610
 k4611
 k4612
 k4613
 k4614
 k4615
 k4616
 k4617
 k4618
 k4619
 k4620
 k4621
 k4622
 k4623
 k4624
 k4625
 k4626
 k4627
 k4628
 k4629
 k4630
 k4631
 k4632
 k4633
 k4634
 k4635
 k4636
 k4637
 k4638
 k4639
 k4640
 k4641
 k4642
 k4643
 k4644
 k4645
 k4646
 k4647
 k4648
 k4649
 k4650
 k4651
 k4652
 k4653
 k4654
 k4655
 k4656
 k4657
 k4658
 k4659
 k4660
 k4661
 k4662
 k4663
 k4664
 k4665
 k4666
 k4667
 k4668
 k4669
 k4670
 k4671
 k4672
 k4673
 k4674
 k4675
 k4676
 k4677
 k4678
 k4679
 k4680
 k4681
 k4682
 k4683
 k4684
 k4685
 k4686
 k4687
 k4688
 k4689
 k4690
 k4691
 k4692
 k4693
 k4694
 k4695
 k4696
 k4697
 k4698
 k4699
 k4700
 k4701
 k4702
 k4703
 k4704
 k4705
 k4706
 k4707
 k4708
 k4709
 k4710
 k4711
 k4712
 k4713
 k4714
 k4715
 k4716
 k4717
 k4718
 k4719
 k4720
 k4721
 k4722
 k4723
 k4724
 k4725
 k4726
 k4727
 k4728
 k4729
 k4730
 k4731
 k4732
 k4733
 k4734
 k4735
 k4736
 k4737
 k4738
 k4739
 k4740
 k4741
 k4742
 k4743
 k4744
 k4745
 k4746
 k4747
 k4748
 k4749
 k4750
 k4751
 k4752
 k4753
 k4754
 k4755
 k4756
 k4757
 k4758
 k4759
 k4760
 k4761
 k4762
 k4763
 k4764
 k4765
 k4766
 k4767
 k4768
 k4769
 k4770
 k4771
 k4772
 k4773
 k4774
 k4775
 k4776
 k4777
 k4778
 k4779
 k4780
 k4781
 k4782
 k4783
 k4784
 k4785
 k4786
 k4787
 k4788
 k4789
 k4790
 k4791
 k4792
 k4793
 k4794
 k4795
 k4796
 k4797
 k4798
 k4799
 k4800
 k4801
 k4802
 k4803
 k4804
 k4805
 k4806
 k4807
 k4808
 k4809
 k4810
 k4811
 k4812
 k4813
 k4814
 k4815
 k4816
 k4817
 k4818
 k4819
 k4820
 k4821
 k4822
 k4823
 k4824
 k4825
 k4826
 k4827
 k4828
 k4829
 k4830
 k4831
 k4832
 k4833
 k4834
 k4835
 k4836
 k4837
 k4838
 k4839
 k4840
 k4841
 k4842
 k4843
 k4844
 k4845
 k4846
 k4847
 k4848
 k4849
 k4850
 k4851
 k4852
 k4853
 k4854
 k4855
 k4856
 k4857
 k4858
 k4859
 k4860
 k4861
 k4862
 k4863
 k4864
 k4865
 k4866
 k4867
 k4868
 k4869
 k4870
 k4871
 k4872
 k4873
 k4874
 k4875
 k4876
 k4877
 k4878
 k4879
 k4880
 k4881
 k4882
 k4883
 k4884
 k4885
 k4886
 k4887
 k4888
 k4889
 k4890
 k4891
 k4892
 k4893
 k4894
 k4895
 k4896
 k4897
 k4898
 k4899
 k4900
 k4901
 k4902
 k4903
 k4904
 k4905
 k4906
 k4907
 k4908
 k4909
 k4910
 k4911
 k4912
 k4913
 k4914
 k4915
 k4916
 k4917
 k4918
 k4919
 k4920
 k4921
 k4922
 k4923
 k4924
 k4925
 k4926
 k4927
 k4928
 k4929
 k4930
 k4931
 k4932
 k4933
 k4934
 k4935
 k4936
 k4937
 k4938
 k4939
 k4940
 k4941
 k4942
 k4943
 k4944
 k4945
 k4946
 k4947
 k4948
 k4949
 k4950
 k4951
 k4952
 k4953
 k4954
 k4955
 k4956
 k4957
 k4958
 k4959
 k4960
 k4961
 k4962
 k4963
 k4964
 k4965
 k4966
 k4967
 k4968
 k4969
 k4970
 k4971
 k4972
 k4973
 k4974
 k4975
 k4976
 k4977
 k4978
 k4979
 k4980
 k4981
 k4982
 k4983
 k4984
 k4985
 k4986
 k4987
 k4988
 k4989
 k4990
 k4991
 k4992
 k4993
 k4994
 k4995
 k4996
 k4997
 k4998
 k4999
 k5000
 k5001
 k5002
 k5003
 k5004
 k5005
 k5006
 k5007
 k5008
 k5009
 k5010
 k5011
 k5012
 k5013
 k5014
 k5015
 k5016
 k5017
 k5018
 k5019
 k5020
 k5021
 k5022
 k5023
 k5024
 k5025
 k5026
 k5027
 k5028
 k5029
 k5030
 k5031
 k5032
 k5033
 k5034
 k5035
 k5036
 k5037
 k5038
 k5039
 k5040
 k5041
 k5042
 k5043
 k5044
 k5045
 k5046
 k5047
 k5048
 k5049
 k5050
 k5051
 k5052
 k5053
 k5054
 k5055
 k5056
 k5057
 k5058
 k5059
 k5060
 k5061
 k5062
 k5063
 k5064
 k5065
 k5066
 k5067
 k5068
 k5069
 k5070
 k5071
 k5072
 k5073
 k5074
 k5075
 k5076
 k5077
 k5078
 k5079
 k5080
 k5081
 k5082
 k5083
 k5084
 k5085
 k5086
 k5087
 k5088
 k5089
 k5090
 k5091
 k5092
 k5093
 k5094
 k5095
 k5096
 k5097
 k5098
 k5099
 k5100
 k5101
 k5102
 k5103
 k5104
 k5105
 k5106
 k5107
 k5108
 k5109
 k5110
 k5111
 k5112
 k5113
 k5114
 k5115
 k5116
 k5117
 k5118
 k5119
 k5120
 k5121
 k5122
 k5123
 k5124
 k5125
 k5126
 k5127
 k5128
 k5129
 k5130
 k5131
 k5132
 k5133
 k5134
 k5135
 k5136
 k5137
 k5138
 k5139
 k5140
 k5141
 k5142
 k5143
 k5144
 k5145
 k5146
 k5147
 k5148
 k5149
 k5150
 k5151
 k5152
 k5153
 k5154
 k5155
 k5156
 k5157
 k5158
 k5159
 k5160
 k5161
 k5162
 k5163
 k5164
 k5165
 k5166
 k5167
 k5168
 k5169
 k5170
 k5171
 k5172
 k5173
 k5174
 k5175
 k5176
 k5177
 k5178
 k5179
 k5180
 k5181
 k5182
 k5183
 k5184
 k5185
 k5186
 k5187
 k5188
 k5189
 k5190
 k5191
 k5192
 k5193
 k5194
 k5195
 k5196
 k5197
 k5198
 k5199
 k5200
 k5201
 k5202
 k5203
 k5204
 k5205
 k5206
 k5207
 k5208
 k5209
 k5210
 k5211
 k5212
 k5213
 k5214
 k5215
 k5216
 k5217
 k5218
 k5219
 k5220
 k5221
 k5222
 k5223
 k5224
 k5225
 k5226
 k5227
 k5228
 k5229
 k5230
 k5231
 k5232
 k5233
 k5234
 k5235
 k5236
 k5237
 k5238
 k5239
 k5240
 k5241
 k5242
 k5243
 k5244
 k5245
 k5246
 k5247
 k5248
 k5249
 k5250
 k5251
 k5252
 k5253
 k5254
 k5255
 k5256
 k5257
 k5258
 k5259
 k5260
 k5261
 k5262
 k5263
 k5264
 k5265
 k5266
 k5267
 k5268
 k5269
 k5270
 k5271
 k5272
 k5273
 k5274
 k5275
 k5276
 k5277
 k5278
 k5279
 k5280
 k5281
 k5282
 k5283
 k5284
 k5285
 k5286
 k5287
 k5288
 k5289
 k5290
 k5291
 k5292
 k5293
 k5294
 k5295
 k5296
 k5297
 k5298
 k5299
 k5300
 k5301
 k5302
 k5303
 k5304
 k5305
 k5306
 k5307
 k5308
 k5309
 k5310
 k5311
 k5312
 k5313
 k5314
 k5315
 k5316
 k5317
 k5318
 k5319
 k5320
 k5321
 k5322
 k5323
 k5324
 k5325
 k5326
 k5327
 k5328
 k5329
 k5330
 k5331
 k5332
 k5333
 k5334
 k5335
 k5336
 k5337
 k5338
 k5339
 k5340
 k5341
 k5342
 k5343
 k5344
 k5345
 k5346
 k5347
 k5348
 k5349
 k5350
 k5351
 k5352
 k5353
 k5354
 k5355
 k5356
 k5357
 k5358
 k5359
 k5360
 k5361
 k5362
 k5363
 k5364
 k5365
 k5366
 k5367
 k5368
 k5369
 k5370
 k5371
 k5372
 k5373
 k5374
 k5375
 k5376
 k5377
 k5378
 k5379
 k5380
 k5381
 k5382
 k5383
 k5384
 k5385
 k5386
 k5387
 k5388
 k5389
 k5390
 k5391
 k5392
 k5393
 k5394
 k5395
 k5396
 k5397
 k5398
 k5399
 k5400
 k5401
 k5402
 k5403
 k5404
 k5405
 k5406
 k5407
 k5408
 k5409
 k5410
 k5411
 k5412
 k5413
 k5414
 k5415
 k5416
 k5417
 k5418
 k5419
 k5420
 k5421
 k5422
 k5423
 k5424
 k5425
 k5426
 k5427
 k5428
 k5429
 k5430
 k5431
 k5432
 k5433
 k5434
 k5435
 k5436
 k5437
 k5438
 k5439
 k5440
 k5441
 k5442
 k5443
 k5444
 k5445
 k5446
 k5447
 k5448
 k5449
 k5450
 k5451
 k5452
 k5453
 k5454
 k5455
 k5456
 k5457
 k5458
 k5459
 k5460
 k5461
 k5462
 k5463
 k5464
 k5465
 k5466
 k5467
 k5468
 k5469
 k5470
 k5471
 k5472
 k5473
 k5474
 k5475
 k5476
 k5477
 k5478
 k5479
 k5480
 k5481
 k5482
 k5483
 k5484
 k5485
 k5486
 k5487
 k5488
 k5489
 k5490
 k5491
 k5492
 k5493
 k5494
 k5495
 k5496
 k5497
 k5498
 k5499
 k5500
 k5501
 k5502
 k5503
 k5504
 k5505
 k5506
 k5507
 k5508
 k5509
 k5510
 k5511
 k5512
 k5513
 k5514
 k5515
 k5516
 k5517
 k5518
 k5519
 k5520
 k5521
 k5522
 k5523
 k5524
 k5525
 k5526
 k5527
 k5528
 k5529
 k5530
 k5531
 k5532
 k5533
 k5534
 k5535
 k5536
 k5537
 k5538
 k5539
 k5540
 k5541
 k5542
 k5543
 k5544
 k5545
 k5546
 k5547
 k5548
 k5549
 k5550
 k5551
 k5552
 k5553
 k5554
 k5555
 k5556
 k5557
 k5558
 k5559
 k5560
 k5561
 k5562
 k5563
 k5564
 k5565
 k5566
 k5567
 k5568
 k5569
 k5570
 k5571
 k5572
 k5573
 k5574
 k5575
 k5576
 k5577
 k5578
 k5579
 k5580
 k5581
 k5582
 k5583
 k5584
 k5585
 k5586
 k5587
 k5588
 k5589
 k5590
 k5591
 k5592
 k5593
 k5594
 k5595
 k5596
 k5597
 k5598
 k5599
 k5600
 k5601
 k5602
 k5603
 k5604
 k5605
 k5606
 k5607
 k5608
 k5609
 k5610
 k5611
 k5612
 k5613
 k5614
 k5615
 k5616
 k5617
 k5618
 k5619
 k5620
 k5621
 k5622
 k5623
 k5624
 k5625
 k5626
 k5627
 k5628
 k5629
 k5630
 k5631
 k5632
 k5633
 k5634
 k5635
 k5636
 k5637
 k5638
 k5639
 k5640
 k5641
 k5642
 k5643
 k5644
 k5645
 k5646
 k5647
 k5648
 k5649
 k5650
 k5651
 k5652
 k5653
 k5654
 k5655
 k5656
 k5657
 k5658
 k5659
 k5660
 k5661
 k5662
 k5663
 k5664
 k5665
 k5666
 k5667
 k5668
 k5669
 k5670
 k5671
 k5672
 k5673
 k5674
 k5675
 k5676
 k5677
 k5678
 k5679
 k5680
 k5681
 k5682
 k5683
 k5684
 k5685
 k5686
 k5687
 k5688
 k5689
 k5690
 k5691
 k5692
 k5693
 k5694
 k5695
 k5696
 k5697
 k5698
 k5699
 k5700
 k5701
 k5702
 k5703
 k5704
 k5705
 k5706
 k5707
 k5708
 k5709
 k5710
 k5711
 k5712
 k5713
 k5714
 k5715
 k5716
 k5717
 k5718
 k5719
 k5720
 k5721
 k5722
 k5723
 k5724
 k5725
 k5726
 k5727
 k5728
 k5729
 k5730
 k5731
 k5732
 k5733
 k5734
 k5735
 k5736
 k5737
 k5738
 k5739
 k5740
 k5741
 k5742
 k5743
 k5744
 k5745
 k5746
 k5747
 k5748
 k5749
 k5750
 k5751
 k5752
 k5753
 k5754
 k5755
 k5756
 k5757
 k5758
 k5759
 k5760
 k5761
 k5762
 k5763
 k5764
 k5765
 k5766
 k5767
 k5768
 k5769
 k5770
 k5771
 k5772
 k5773
 k5774
 k5775
 k5776
 k5777
 k5778
 k5779
 k5780
 k5781
 k5782
 k5783
 k5784
 k5785
 k5786
 k5787
 k5788
 k5789
 k5790
 k5791
 k5792
 k5793
 k5794
 k5795
 k5796
 k5797
 k5798
 k5799
 k5800
 k5801
 k5802
 k5803
 k5804
 k5805
 k5806
 k5807
 k5808
 k5809
 k5810
 k5811
 k5812
 k5813
 k5814
 k5815
 k5816
 k5817
 k5818
 k5819
 k5820
 k5821
 k5822
 k5823
 k5824
 k5825
 k5826
 k5827
 k5828
 k5829
 k5830
 k5831
 k5832
 k5833
 k5834
 k5835
 k5836
 k5837
 k5838
 k5839
 k5840
 k5841
 k5842
 k5843
 k5844
 k5845
 k5846
 k5847
 k5848
 k5849
 k5850
 k5851
 k5852
 k5853
 k5854
 k5855
 k5856
 k5857
 k5858
 k5859
 k5860
 k5861
 k5862
 k5863
 k5864
 k5865
 k5866
 k5867
 k5868
 k5869
 k5870
 k5871
 k5872
 k5873
 k5874
 k5875
 k5876
 k5877
 k5878
 k5879
 k5880
 k5881
 k5882
 k5883
 k5884
 k5885
 k5886
 k5887
 k5888
 k5889
 k5890
 k5891
 k5892
 k5893
 k5894
 k5895
 k5896
 k5897
 k5898
 k5899
 k5900
 k5901
 k5902
 k5903
 k5904
 k5905
 k5906
 k5907
 k5908
 k5909
 k5910
 k5911
 k5912
 k5913
 k5914
 k5915
 k5916
 k5917
 k5918
 k5919
 k5920
 k5921
 k5922
 k5923
 k5924
 k5925
 k5926
 k5927
 k5928
 k5929
 k5930
 k5931
 k5932
 k5933
 k5934
 k5935
 k5936
 k5937
 k5938
 k5939
 k5940
 k5941
 k5942
 k5943
 k5944
 k5945
 k5946
 k5947
 k5948
 k5949
 k5950
 k5951
 k5952
 k5953
 k5954
 k5955
 k5956
 k5957
 k5958
 k5959
 k5960
 k5961
 k5962
 k5963
 k5964
 k5965
 k5966
 k5967
 k5968
 k5969
 k5970
 k5971
 k5972
 k5973
 k5974
 k5975
 k5976
 k5977
 k5978
 k5979
 k5980
 k5981
 k5982
 k5983
 k5984
 k5985
 k5986
 k5987
 k5988
 k5989
 k5990
 k5991
 k5992
 k5993
 k5994
 k5995
 k5996
 k5997
 k5998
 k5999
 k6000
 k6001
 k6002
 k6003
 k6004
 k6005
 k6006
 k6007
 k6008
 k6009
 k6010
 k6011
 k6012
 k6013
 k6014
 k6015
 k6016
 k6017
 k6018
 k6019
 k6020
 k6021
 k6022
 k6023
 k6024
 k6025
 k6026
 k6027
 k6028
 k6029
 k6030
 k6031
 k6032
 k6033
 k6034
 k6035
 k6036
 k6037
 k6038
 k6039
 k6040
 k6041
 k6042
 k6043
 k6044
 k6045
 k6046
 k6047
 k6048
 k6049
 k6050
 k6051
 k6052
 k6053
 k6054
 k6055
 k6056
 k6057
 k6058
 k6059
 k6060
 k6061
 k6062
 k6063
 k6064
 k6065
 k6066
 k6067
 k6068
 k6069
 k6070
 k6071
 k6072
 k6073
 k6074
 k6075
 k6076
 k6077
 k6078
 k6079
 k6080
 k6081
 k6082
 k6083
 k6084
 k6085
 k6086
 k6087
 k6088
 k6089
 k6090
 k6091
 k6092
 k6093
 k6094
 k6095
 k6096
 k6097
 k6098
 k6099
 k6100
 k6101
 k6102
 k6103
 k6104
 k6105
 k6106
 k6107
 k6108
 k6109
 k6110
 k6111
 k6112
 k6113
 k6114
 k6115
 k6116
 k6117
 k6118
 k6119
 k6120
 k6121
 k6122
 k6123
 k6124
 k6125
 k6126
 k6127
 k6128
 k6129
 k6130
 k6131
 k6132
 k6133
 k6134
 k6135
 k6136
 k6137
 k6138
 k6139
 k6140
 k6141
 k6142
 k6143
 k6144
 k6145
 k6146
 k6147
 k6148
 k6149
 k6150
 k6151
 k6152
 k6153
 k6154
 k6155
 k6156
 k6157
 k6158
 k6159
 k6160
 k6161
 k6162
 k6163
 k6164
 k6165
 k6166
 k6167
 k6168
 k6169
 k6170
 k6171
 k6172
 k6173
 k6174
 k6175
 k6176
 k6177
 k6178
 k6179
 k6180
 k6181
 k6182
 k6183
 k6184
 k6185
 k6186
 k6187
 k6188
 k6189
 k6190
 k6191
 k6192
 k6193
 k6194
 k6195
 k6196
 k6197
 k6198
 k6199
 k6200
 k6201
 k6202
 k6203
 k6204
 k6205
 k6206
 k6207
 k6208
 k6209
 k6210
 k6211
 k6212
 k6213
 k6214
 k6215
 k6216
 k6217
 k6218
 k6219
 k6220
 k6221
 k6222
 k6223
 k6224
 k6225
 k6226
 k6227
 k6228
 k6229
 k6230
 k6231
 k6232
 k6233
 k6234
 k6235
 k6236
 k6237
 k6238
 k6239
 k6240
 k6241
 k6242
 k6243
 k6244
 k6245
 k6246
 k6247
 k6248
 k6249
 k6250
 k6251
 k6252
 k6253
 k6254
 k6255
 k6256
 k6257
 k6258
 k6259
 k6260
 k6261
 k6262
 k6263
 k6264
 k6265
 k6266
 k6267
 k6268
 k6269
 k6270
 k6271
 k6272
 k6273
 k6274
 k6275
 k6276
 k6277
 k6278
 k6279
 k6280
 k6281
 k6282
 k6283
 k6284
 k6285
 k6286
 k6287
 k6288
 k6289
 k6290
 k6291
 k6292
 k6293
 k6294
 k6295
 k6296
 k6297
 k6298
 k6299
 k6300
 k6301
 k6302
 k6303
 k6304
 k6305
 k6306
 k6307
 k6308
 k6309
 k6310
 k6311
 k6312
 k6313
 k6314
 k6315
 k6316
 k6317
 k6318
 k6319
 k6320
 k6321
 k6322
 k6323
 k6324
 k6325
 k6326
 k6327
 k6328
 k6329
 k6330
 k6331
 k6332
 k6333
 k6334
 k6335
 k6336
 k6337
 k6338
 k6339
 k6340
 k6341
 k6342
 k6343
 k6344
 k6345
 k6346
 k6347
 k6348
 k6349
 k6350
 k6351
 k6352
 k6353
 k6354
 k6355
 k6356
 k6357
 k6358
 k6359
 k6360
 k6361
 k6362
 k6363
 k6364
 k6365
 k6366
 k6367
 k6368
 k6369
 k6370
 k6371
 k6372
 k6373
 k6374
 k6375
 k6376
 k6377
 k6378
 k6379
 k6380
 k6381
 k6382
 k6383
 k6384
 k6385
 k6386
 k6387
 k6388
 k6389
 k6390
 k6391
 k6392
 k6393
 k6394
 k6395
 k6396
 k6397
 k6398
 k6399
 k6400
 k6401
 k6402
 k6403
 k6404
 k6405
 k6406
 k6407
 k6408
 k6409
 k6410
 k6411
 k6412
 k6413
 k6414
 k6415
 k6416
 k6417
 k6418
 k6419
 k6420
 k6421
 k6422
 k6423
 k6424
 k6425
 k6426
 k6427
 k6428
 k6429
 k6430
 k6431
 k6432
 k6433
 k6434
 k6435
 k6436
 k6437
 k6438
 k6439
 k6440
 k6441
 k6442
 k6443
 k6444
 k6445
 k6446
 k6447
 k6448
 k6449
 k6450
 k6451
 k6452
 k6453
 k6454
 k6455
 k6456
 k6457
 k6458
 k6459
 k6460
 k6461
 k6462
 k6463
 k6464
 k6465
 k6466
 k6467
 k6468
 k6469
 k6470
 k6471
 k6472
 k6473
 k6474
 k6475
 k6476
 k6477
 k6478
 k6479
 k6480
 k6481
 k6482
 k6483
 k6484
 k6485
 k6486
 k6487
 k6488
 k6489
 k6490
 k6491
 k6492
 k6493
 k6494
 k6495
 k6496
 k6497
 k6498
 k6499
 k6500
 k6501
 k6502
 k6503
 k6504
 k6505
 k6506
 k6507
 k6508
 k6509
 k6510
 k6511
 k6512
 k6513
 k6514
 k6515
 k6516
 k6517
 k6518
 k6519
 k6520
 k6521
 k6522
 k6523
 k6524
 k6525
 k6526
 k6527
 k6528
 k6529
 k6530
 k6531
 k6532
 k6533
 k6534
 k6535
 k6536
 k6537
 k6538
 k6539
 k6540
 k6541
 k6542
 k6543
 k6544
 k6545
 k6546
 k6547
 k6548
 k6549
 k6550
 k6551
 k6552
 k6553
 k6554
 k6555
 k6556
 k6557
 k6558
 k6559
 k6560
 k6561
 k6562
 k6563
 k6564
 k6565
 k6566
 k6567
 k6568
 k6569
 k6570
 k6571
 k6572
 k6573
 k6574
 k6575
 k6576
 k6577
 k6578
 k6579
 k6580
 k6581
 k6582
 k6583
 k6584
 k6585
 k6586
 k6587
 k6588
 k6589
 k6590
 k6591
 k6592
 k6593
 k6594
 k6595
 k6596
 k6597
 k6598
 k6599
 k6600
 k6601
 k6602
 k6603
 k6604
 k6605
 k6606
 k6607
 k6608
 k6609
 k6610
 k6611
 k6612
 k6613
 k6614
 k6615
 k6616
 k6617
 k6618
 k6619
 k6620
 k6621
 k6622
 k6623
 k6624
 k6625
 k6626
 k6627
 k6628
 k6629
 k6630
 k6631
 k6632
 k6633
 k6634
 k6635
 k6636
 k6637
 k6638
 k6639
 k6640
 k6641
 k6642
 k6643
 k6644
 k6645
 k6646
 k6647
 k6648
 k6649
 k6650
 k6651
 k6652
 k6653
 k6654
 k6655
 k6656
 k6657
 k6658
 k6659
 k6660
 k6661
 k6662
 k6663
 k6664
 k6665
 k6666
 k6667
 k6668
 k6669
 k6670
 k6671
 k6672
 k6673
 k6674
 k6675
 k6676
 k6677
 k6678
 k6679
 k6680
 k6681
 k6682
 k6683
 k6684
 k6685
 k6686
 k6687
 k6688
 k6689
 k6690
 k6691
 k6692
 k6693
 k6694
 k6695
 k6696
 k6697
 k6698
 k6699
 k6700
 k6701
 k6702
 k6703
 k6704
 k6705
 k6706
 k6707
 k6708
 k6709
 k6710
 k6711
 k6712
 k6713
 k6714
 k6715
 k6716
 k6717
 k6718
 k6719
 k6720
 k6721
 k6722
 k6723
 k6724
 k6725
 k6726
 k6727
 k6728
 k6729
 k6730
 k6731
 k6732
 k6733
 k6734
 k6735
 k6736
 k6737
 k6738
 k6739
 k6740
 k6741
 k6742
 k6743
 k6744
 k6745
 k6746
 k6747
 k6748
 k6749
 k6750
 k6751
 k6752
 k6753
 k6754
 k6755
 k6756
 k6757
 k6758
 k6759
 k6760
 k6761
 k6762
 k6763
 k6764
 k6765
 k6766
 k6767
 k6768
 k6769
 k6770
 k6771
 k6772
 k6773
 k6774
 k6775
 k6776
 k6777
 k6778
 k6779
 k6780
 k6781
 k6782
 k6783
 k6784
 k6785
 k6786
 k6787
 k6788
 k6789
 k6790
 k6791
 k6792
 k6793
 k6794
 k6795
 k6796
 k6797
 k6798
 k6799
 k6800
 k6801
 k6802
 k6803
 k6804
 k6805
 k6806
 k6807
 k6808
 k6809
 k6810
 k6811
 k6812
 k6813
 k6814
 k6815
 k6816
 k6817
 k6818
 k6819
 k6820
 k6821
 k6822
 k6823
 k6824
 k6825
 k6826
 k6827
 k6828
 k6829
 k6830
 k6831
 k6832
 k6833
 k6834
 k6835
 k6836
 k6837
 k6838
 k6839
 k6840
 k6841
 k6842
 k6843
 k6844
 k6845
 k6846
 k6847
 k6848
 k6849
 k6850
 k6851
 k6852
 k6853
 k6854
 k6855
 k6856
 k6857
 k6858
 k6859
 k6860
 k6861
 k6862
 k6863
 k6864
 k6865
 k6866
 k6867
 k6868
 k6869
 k6870
 k6871
 k6872
 k6873
 k6874
 k6875
 k6876
 k6877
 k6878
 k6879
 k6880
 k6881
 k6882
 k6883
 k6884
 k6885
 k6886
 k6887
 k6888
 k6889
 k6890
 k6891
 k6892
 k6893
 k6894
 k6895
 k6896
 k6897
 k6898
 k6899
 k6900
 k6901
 k6902
 k6903
 k6904
 k6905
 k6906
 k6907
 k6908
 k6909
 k6910
 k6911
 k6912
 k6913
 k6914
 k6915
 k6916
 k6917
 k6918
 k6919
 k6920
 k6921
 k6922
 k6923
 k6924
 k6925
 k6926
 k6927
 k6928
 k6929
 k6930
 k6931
 k6932
 k6933
 k6934
 k6935
 k6936
 k6937
 k6938
 k6939
 k6940
 k6941
 k6942
 k6943
 k6944
 k6945
 k6946
 k6947
 k6948
 k6949
 k6950
 k6951
 k6952
 k6953
 k6954
 k6955
 k6956
 k6957
 k6958
 k6959
 k6960
 k6961
 k6962
 k6963
 k6964
 k6965
 k6966
 k6967
 k6968
 k6969
 k6970
 k6971
 k6972
 k6973
 k6974
 k6975
 k6976
 k6977
 k6978
 k6979
 k6980
 k6981
 k6982
 k6983
 k6984
 k6985
 k6986
 k6987
 k6988
 k6989
 k6990
 k6991
 k6992
 k6993
 k6994
 k6995
 k6996
 k6997
 k6998
 k6999
 k7000
 k7001
 k7002
 k7003
 k7004
 k7005
 k7006
 k7007
 k7008
 k7009
 k7010
 k7011
 k7012
 k7013
 k7014
 k7015
 k7016
 k7017
 k7018
 k7019
 k7020
 k7021
 k7022
 k7023
 k7024
 k7025
 k7026
 k7027
 k7028
 k7029
 k7030
 k7031
 k7032
 k7033
 k7034
 k7035
 k7036
 k7037
 k7038
 k7039
 k7040
 k7041
 k7042
 k7043
 k7044
 k7045
 k7046
 k7047
 k7048
 k7049
 k7050
 k7051
 k7052
 k7053
 k7054
 k7055
 k7056
 k7057
 k7058
 k7059
 k7060
 k7061
 k7062
 k7063
 k7064
 k7065
 k7066
 k7067
 k7068
 k7069
 k7070
 k7071
 k7072
 k7073
 k7074
 k7075
 k7076
 k7077
 k7078
 k7079
 k7080
 k7081
 k7082
 k7083
 k7084
 k7085
 k7086
 k7087
 k7088
 k7089
 k7090
 k7091
 k7092
 k7093
 k7094
 k7095
 k7096
 k7097
 k7098
 k7099
 k7100
 k7101
 k7102
 k7103
 k7104
 k7105
 k7106
 k7107
 k7108
 k7109
 k7110
 k7111
 k7112
 k7113
 k7114
 k7115
 k7116
 k7117
 k7118
 k7119
 k7120
 k7121
 k7122
 k7123
 k7124
 k7125
 k7126
 k7127
 k7128
 k7129
 k7130
 k7131
 k7132
 k7133
 k7134
 k7135
 k7136
 k7137
 k7138
 k7139
 k7140
 k7141
 k7142
 k7143
 k7144
 k7145
 k7146
 k7147
 k7148
 k7149
 k7150
 k7151
 k7152
 k7153
 k7154
 k7155
 k7156
 k7157
 k7158
 k7159
 k7160
 k7161
 k7162
 k7163
 k7164
 k7165
 k7166
 k7167
 k7168
 k7169
 k7170
 k7171
 k7172
 k7173
 k7174
 k7175
 k7176
 k7177
 k7178
 k7179
 k7180
 k7181
 k7182
 k7183
 k7184
 k7185
 k7186
 k7187
 k7188
 k7189
 k7190
 k7191
 k7192
 k7193
 k7194
 k7195
 k7196
 k7197
 k7198
 k7199
 k7200
 k7201
 k7202
 k7203
 k7204
 k7205
 k7206
 k7207
 k7208
 k7209
 k7210
 k7211
 k7212
 k7213
 k7214
 k7215
 k7216
 k7217
 k7218
 k7219
 k7220
 k7221
 k7222
 k7223
 k7224
 k7225
 k7226
 k7227
 k7228
 k7229
 k7230
 k7231
 k7232
 k7233
 k7234
 k7235
 k7236
 k7237
 k7238
 k7239
 k7240
 k7241
 k7242
 k7243
 k7244
 k7245
 k7246
 k7247
 k7248
 k7249
 k7250
 k7251
 k7252
 k7253
 k7254
 k7255
 k7256
 k7257
 k7258
 k7259
 k7260
 k7261
 k7262
 k7263
 k7264
 k7265
 k7266
 k7267
 k7268
 k7269
 k7270
 k7271
 k7272
 k7273
 k7274
 k7275
 k7276
 k7277
 k7278
 k7279
 k7280
 k7281
 k7282
 k7283
 k7284
 k7285
 k7286
 k7287
 k7288
 k7289
 k7290
 k7291
 k7292
 k7293
 k7294
 k7295
 k7296
 k7297
 k7298
 k7299
 k7300
 k7301
 k7302
 k7303
 k7304
 k7305
 k7306
 k7307
 k7308
 k7309
 k7310
 k7311
 k7312
 k7313
 k7314
 k7315
 k7316
 k7317
 k7318
 k7319
 k7320
 k7321
 k7322
 k7323
 k7324
 k7325
 k7326
 k7327
 k7328
 k7329
 k7330
 k7331
 k7332
 k7333
 k7334
 k7335
 k7336
 k7337
 k7338
 k7339
 k7340
 k7341
 k7342
 k7343
 k7344
 k7345
 k7346
 k7347
 k7348
 k7349
 k7350
 k7351
 k7352
 k7353
 k7354
 k7355
 k7356
 k7357
 k7358
 k7359
 k7360
 k7361
 k7362
 k7363
 k7364
 k7365
 k7366
 k7367
 k7368
 k7369
 k7370
 k7371
 k7372
 k7373
 k7374
 k7375
 k7376
 k7377
 k7378
 k7379
 k7380
 k7381
 k7382
 k7383
 k7384
 k7385
 k7386
 k7387
 k7388
 k7389
 k7390
 k7391
 k7392
 k7393
 k7394
 k7395
 k7396
 k7397
 k7398
 k7399
 k7400
 k7401
 k7402
 k7403
 k7404
 k7405
 k7406
 k7407
 k7408
 k7409
 k7410
 k7411
 k7412
 k7413
 k7414
 k7415
 k7416
 k7417
 k7418
 k7419
 k7420
 k7421
 k7422
 k7423
 k7424
 k7425
 k7426
 k7427
 k7428
 k7429
 k7430
 k7431
 k7432
 k7433
 k7434
 k7435
 k7436
 k7437
 k7438
 k7439
 k7440
 k7441
 k7442
 k7443
 k7444
 k7445
 k7446
 k7447
 k7448
 k7449
 k7450
 k7451
 k7452
 k7453
 k7454
 k7455
 k7456
 k7457
 k7458
 k7459
 k7460
 k7461
 k7462
 k7463
 k7464
 k7465
 k7466
 k7467
 k7468
 k7469
 k7470
 k7471
 k7472
 k7473
 k7474
 k7475
 k7476
 k7477
 k7478
 k7479
 k7480
 k7481
 k7482
 k7483
 k7484
 k7485
 k7486
 k7487
 k7488
 k7489
 k7490
 k7491
 k7492
 k7493
 k7494
 k7495
 k7496
 k7497
 k7498
 k7499
 k7500
 k7501
 k7502
 k7503
 k7504
 k7505
 k7506
 k7507
 k7508
 k7509
 k7510
 k7511
 k7512
 k7513
 k7514
 k7515
 k7516
 k7517
 k7518
 k7519
 k7520
 k7521
 k7522
 k7523
 k7524
 k7525
 k7526
 k7527
 k7528
 k7529
 k7530
 k7531
 k7532
 k7533
 k7534
 k7535
 k7536
 k7537
 k7538
 k7539
 k7540
 k7541
 k7542
 k7543
 k7544
 k7545
 k7546
 k7547
 k7548
 k7549
 k7550
 k7551
 k7552
 k7553
 k7554
 k7555
 k7556
 k7557
 k7558
 k7559
 k7560
 k7561
 k7562
 k7563
 k7564
 k7565
 k7566
 k7567
 k7568
 k7569
 k7570
 k7571
 k7572
 k7573
 k7574
 k7575
 k7576
 k7577
 k7578
 k7579
 k7580
 k7581
 k7582
 k7583
 k7584
 k7585
 k7586
 k7587
 k7588
 k7589
 k7590
 k7591
 k7592
 k7593
 k7594
 k7595
 k7596
 k7597
 k7598
 k7599
 k7600
 k7601
 k7602
 k7603
 k7604
 k7605
 k7606
 k7607
 k7608
 k7609
 k7610
 k7611
 k7612
 k7613
 k7614
 k7615
 k7616
 k7617
 k7618
 k7619
 k7620
 k7621
 k7622
 k7623
 k7624
 k7625
 k7626
 k7627
 k7628
 k7629
 k7630
 k7631
 k7632
 k7633
 k7634
 k7635
 k7636
 k7637
 k7638
 k7639
 k7640
 k7641
 k7642
 k7643
 k7644
 k7645
 k7646
 k7647
 k7648
 k7649
 k7650
 k7651
 k7652
 k7653
 k7654
 k7655
 k7656
 k7657
 k7658
 k7659
 k7660
 k7661
 k7662
 k7663
 k7664
 k7665
 k7666
 k7667
 k7668
 k7669
 k7670
 k7671
 k7672
 k7673
 k7674
 k7675
 k7676
 k7677
 k7678
 k7679
 k7680
 k7681
 k7682
 k7683
 k7684
 k7685
 k7686
 k7687
 k7688
 k7689
 k7690
 k7691
 k7692
 k7693
 k7694
 k7695
 k7696
 k7697
 k7698
 k7699
 k7700
 k7701
 k7702
 k7703
 k7704
 k7705
 k7706
 k7707
 k7708
 k7709
 k7710
 k7711
 k7712
 k7713
 k7714
 k7715
 k7716
 k7717
 k7718
 k7719
 k7720
 k7721
 k7722
 k7723
 k7724
 k7725
 k7726
 k7727
 k7728
 k7729
 k7730
 k7731
 k7732
 k7733
 k7734
 k7735
 k7736
 k7737
 k7738
 k7739
 k7740
 k7741
 k7742
 k7743
 k7744
 k7745
 k7746
 k7747
 k7748
 k7749
 k7750
 k7751
 k7752
 k7753
 k7754
 k7755
 k7756
 k7757
 k7758
 k7759
 k7760
 k7761
 k7762
 k7763
 k7764
 k7765
 k7766
 k7767
 k7768
 k7769
 k7770
 k7771
 k7772
 k7773
 k7774
 k7775
 k7776
 k7777
 k7778
 k7779
 k7780
 k7781
 k7782
 k7783
 k7784
 k7785
 k7786
 k7787
 k7788
 k7789
 k7790
 k7791
 k7792
 k7793
 k7794
 k7795
 k7796
 k7797
 k7798
 k7799
 k7800
 k7801
 k7802
 k7803
 k7804
 k7805
 k7806
 k7807
 k7808
 k7809
 k7810
 k7811
 k7812
 k7813
 k7814
 k7815
 k7816
 k7817
 k7818
 k7819
 k7820
 k7821
 k7822
 k7823
 k7824
 k7825
 k7826
 k7827
 k7828
 k7829
 k7830
 k7831
 k7832
 k7833
 k7834
 k7835
 k7836
 k7837
 k7838
 k7839
 k7840
 k7841
 k7842
 k7843
 k7844
 k7845
 k7846
 k7847
 k7848
 k7849
 k7850
 k7851
 k7852
 k7853
 k7854
 k7855
 k7856
 k7857
 k7858
 k7859
 k7860
 k7861
 k7862
 k7863
 k7864
 k7865
 k7866
 k7867
 k7868
 k7869
 k7870
 k7871
 k7872
 k7873
 k7874
 k7875
 k7876
 k7877
 k7878
 k7879
 k7880
 k7881
 k7882
 k7883
 k7884
 k7885
 k7886
 k7887
 k7888
 k7889
 k7890
 k7891
 k7892
 k7893
 k7894
 k7895
 k7896
 k7897
 k7898
 k7899
 k7900
 k7901
 k7902
 k7903
 k7904
 k7905
 k7906
 k7907
 k7908
 k7909
 k7910
 k7911
 k7912
 k7913
 k7914
 k7915
 k7916
 k7917
 k7918
 k7919
 k7920
 k7921
 k7922
 k7923
 k7924
 k7925
 k7926
 k7927
 k7928
 k7929
 k7930
 k7931
 k7932
 k7933
 k7934
 k7935
 k7936
 k7937
 k7938
 k7939
 k7940
 k7941
 k7942
 k7943
 k7944
 k7945
 k7946
 k7947
 k7948
 k7949
 k7950
 k7951
 k7952
 k7953
 k7954
 k7955
 k7956
 k7957
 k7958
 k7959
 k7960
 k7961
 k7962
 k7963
 k7964
 k7965
 k7966
 k7967
 k7968
 k7969
 k7970
 k7971
 k7972
 k7973
 k7974
 k7975
 k7976
 k7977
 k7978
 k7979
 k7980
 k7981
 k7982
 k7983
 k7984
 k7985
 k7986
 k7987
 k7988
 k7989
 k7990
 k7991
 k7992
 k7993
 k7994
 k7995
 k7996
 k7997
 k7998
 k7999
 k8000
 k8001
 k8002
 k8003
 k8004
 k8005
 k8006
 k8007
 k8008
 k8009
 k8010
 k8011
 k8012
 k8013
 k8014
 k8015
 k8016
 k8017
 k8018
 k8019
 k8020
 k8021
 k8022
 k8023
 k8024
 k8025
 k8026
 k8027
 k8028
 k8029
 k8030
 k8031
 k8032
 k8033
 k8034
 k8035
 k8036
 k8037
 k8038
 k8039
 k8040
 k8041
 k8042
 k8043
 k8044
 k8045
 k8046
 k8047
 k8048
 k8049
 k8050
 k8051
 k8052
 k8053
 k8054
 k8055
 k8056
 k8057
 k8058
 k8059
 k8060
 k8061
 k8062
 k8063
 k8064
 k8065
 k8066
 k8067
 k8068
 k8069
 k8070
 k8071
 k8072
 k8073
 k8074
 k8075
 k8076
 k8077
 k8078
 k8079
 k8080
 k8081
 k8082
 k8083
 k8084
 k8085
 k8086
 k8087
 k8088
 k8089
 k8090
 k8091
 k8092
 k8093
 k8094
 k8095
 k8096
 k8097
 k8098
 k8099
 k8100
 k8101
 k8102
 k8103
 k8104
 k8105
 k8106
 k8107
 k8108
 k8109
 k8110
 k8111
 k8112
 k8113
 k8114
 k8115
 k8116
 k8117
 k8118
 k8119
 k8120
 k8121
 k8122
 k8123
 k8124
 k8125
 k8126
 k8127
 k8128
 k8129
 k8130
 k8131
 k8132
 k8133
 k8134
 k8135
 k8136
 k8137
 k8138
 k8139
 k8140
 k8141
 k8142
 k8143
 k8144
 k8145
 k8146
 k8147
 k8148
 k8149
 k8150
 k8151
 k8152
 k8153
 k8154
 k8155
 k8156
 k8157
 k8158
 k8159
 k8160
 k8161
 k8162
 k8163
 k8164
 k8165
 k8166
 k8167
 k8168
 k8169
 k8170
 k8171
 k8172
 k8173
 k8174
 k8175
 k8176
 k8177
 k8178
 k8179
 k8180
 k8181
 k8182
 k8183
 k8184
 k8185
 k8186
 k8187
 k8188
 k8189
 k8190
 k8191
 k8192
 k8193
 k8194
 k8195
 k8196
 k8197
 k8198
 k8199
 k8200
 k8201
 k8202
 k8203
 k8204
 k8205
 k8206
 k8207
 k8208
 k8209
 k8210
 k8211
 k8212
 k8213
 k8214
 k8215
 k8216
 k8217
 k8218
 k8219
 k8220
 k8221
 k8222
 k8223
 k8224
 k8225
 k8226
 k8227
 k8228
 k8229
 k8230
 k8231
 k8232
 k8233
 k8234
 k8235
 k8236
 k8237
 k8238
 k8239
 k8240
 k8241
 k8242
 k8243
 k8244
 k8245
 k8246
 k8247
 k8248
 k8249
 k8250
 k8251
 k8252
 k8253
 k8254
 k8255
 k8256
 k8257
 k8258
 k8259
 k8260
 k8261
 k8262
 k8263
 k8264
 k8265
 k8266
 k8267
 k8268
 k8269
 k8270
 k8271
 k8272
 k8273
 k8274
 k8275
 k8276
 k8277
 k8278
 k8279
 k8280
 k8281
 k8282
 k8283
 k8284
 k8285
 k8286
 k8287
 k8288
 k8289
 k8290
 k8291
 k8292
 k8293
 k8294
 k8295
 k8296
 k8297
 k8298
 k8299
 k8300
 k8301
 k8302
 k8303
 k8304
 k8305
 k8306
 k8307
 k8308
 k8309
 k8310
 k8311
 k8312
 k8313
 k8314
 k8315
 k8316
 k8317
 k8318
 k8319
 k8320
 k8321
 k8322
 k8323
 k8324
 k8325
 k8326
 k8327
 k8328
 k8329
 k8330
 k8331
 k8332
 k8333
 k8334
 k8335
 k8336
 k8337
 k8338
 k8339
 k8340
 k8341
 k8342
 k8343
 k8344
 k8345
 k8346
 k8347
 k8348
 k8349
 k8350
 k8351
 k8352
 k8353
 k8354
 k8355
 k8356
 k8357
 k8358
 k8359
 k8360
 k8361
 k8362
 k8363
 k8364
 k8365
 k8366
 k8367
 k8368
 k8369
 k8370
 k8371
 k8372
 k8373
 k8374
 k8375
 k8376
 k8377
 k8378
 k8379
 k8380
 k8381
 k8382
 k8383
 k8384
 k8385
 k8386
 k8387
 k8388
 k8389
 k8390
 k8391
 k8392
 k8393
 k8394
 k8395
 k8396
 k8397
 k8398
 k8399
 k8400
 k8401
 k8402
 k8403
 k8404
 k8405
 k8406
 k8407
 k8408
 k8409
 k8410
 k8411
 k8412
 k8413
 k8414
 k8415
 k8416
 k8417
 k8418
 k8419
 k8420
 k8421
 k8422
 k8423
 k8424
 k8425
 k8426
 k8427
 k8428
 k8429
 k8430
 k8431
 k8432
 k8433
 k8434
 k8435
 k8436
 k8437
 k8438
 k8439
 k8440
 k8441
 k8442
 k8443
 k8444
 k8445
 k8446
 k8447
 k8448
 k8449
 k8450
 k8451
 k8452
 k8453
 k8454
 k8455
 k8456
 k8457
 k8458
 k8459
 k8460
 k8461
 k8462
 k8463
 k8464
 k8465
 k8466
 k8467
 k8468
 k8469
 k8470
 k8471
 k8472
 k8473
 k8474
 k8475
 k8476
 k8477
 k8478
 k8479
 k8480
 k8481
 k8482
 k8483
 k8484
 k8485
 k8486
 k8487
 k8488
 k8489
 k8490
 k8491
 k8492
 k8493
 k8494
 k8495
 k8496
 k8497
 k8498
 k8499
 k8500
 k8501
 k8502
 k8503
 k8504
 k8505
 k8506
 k8507
 k8508
 k8509
 k8510
 k8511
 k8512
 k8513
 k8514
 k8515
 k8516
 k8517
 k8518
 k8519
 k8520
 k8521
 k8522
 k8523
 k8524
 k8525
 k8526
 k8527
 k8528
 k8529
 k8530
 k8531
 k8532
 k8533
 k8534
 k8535
 k8536
 k8537
 k8538
 k8539
 k8540
 k8541
 k8542
 k8543
 k8544
 k8545
 k8546
 k8547
 k8548
 k8549
 k8550
 k8551
 k8552
 k8553
 k8554
 k8555
 k8556
 k8557
 k8558
 k8559
 k8560
 k8561
 k8562
 k8563
 k8564
 k8565
 k8566
 k8567
 k8568
 k8569
 k8570
 k8571
 k8572
 k8573
 k8574
 k8575
 k8576
 k8577
 k8578
 k8579
 k8580
 k8581
 k8582
 k8583
 k8584
 k8585
 k8586
 k8587
 k8588
 k8589
 k8590
 k8591
 k8592
 k8593
 k8594
 k8595
 k8596
 k8597
 k8598
 k8599
 k8600
 k8601
 k8602
 k8603
 k8604
 k8605
 k8606
 k8607
 k8608
 k8609
 k8610
 k8611
 k8612
 k8613
 k8614
 k8615
 k8616
 k8617
 k8618
 k8619
 k8620
 k8621
 k8622
 k8623
 k8624
 k8625
 k8626
 k8627
 k8628
 k8629
 k8630
 k8631
 k8632
 k8633
 k8634
 k8635
 k8636
 k8637
 k8638
 k8639
 k8640
 k8641
 k8642
 k8643
 k8644
 k8645
 k8646
 k8647
 k8648
 k8649
 k8650
 k8651
 k8652
 k8653
 k8654
 k8655
 k8656
 k8657
 k8658
 k8659
 k8660
 k8661
 k8662
 k8663
 k8664
 k8665
 k8666
 k8667
 k8668
 k8669
 k8670
 k8671
 k8672
 k8673
 k8674
 k8675
 k8676
 k8677
 k8678
 k8679
 k8680
 k8681
 k8682
 k8683
 k8684
 k8685
 k8686
 k8687
 k8688
 k8689
 k8690
 k8691
 k8692
 k8693
 k8694
 k8695
 k8696
 k8697
 k8698
 k8699
 k8700
 k8701
 k8702
 k8703
 k8704
 k8705
 k8706
 k8707
 k8708
 k8709
 k8710
 k8711
 k8712
 k8713
 k8714
 k8715
 k8716
 k8717
 k8718
 k8719
 k8720
 k8721
 k8722
 k8723
 k8724
 k8725
 k8726
 k8727
 k8728
 k8729
 k8730
 k8731
 k8732
 k8733
 k8734
 k8735
 k8736
 k8737
 k8738
 k8739
 k8740
 k8741
 k8742
 k8743
 k8744
 k8745
 k8746
 k8747
 k8748
 k8749
 k8750
 k8751
 k8752
 k8753
 k8754
 k8755
 k8756
 k8757
 k8758
 k8759
 k8760
 k8761
 k8762
 k8763
 k8764
 k8765
 k8766
 k8767
 k8768
 k8769
 k8770
 k8771
 k8772
 k8773
 k8774
 k8775
 k8776
 k8777
 k8778
 k8779
 k8780
 k8781
 k8782
 k8783
 k8784
 k8785
 k8786
 k8787
 k8788
 k8789
 k8790
 k8791
 k8792
 k8793
 k8794
 k8795
 k8796
 k8797
 k8798
 k8799
 k8800
 k8801
 k8802
 k8803
 k8804
 k8805
 k8806
 k8807
 k8808
 k8809
 k8810
 k8811
 k8812
 k8813
 k8814
 k8815
 k8816
 k8817
 k8818
 k8819
 k8820
 k8821
 k8822
 k8823
 k8824
 k8825
 k8826
 k8827
 k8828
 k8829
 k8830
 k8831
 k8832
 k8833
 k8834
 k8835
 k8836
 k8837
 k8838
 k8839
 k8840
 k8841
 k8842
 k8843
 k8844
 k8845
 k8846
 k8847
 k8848
 k8849
 k8850
 k8851
 k8852
 k8853
 k8854
 k8855
 k8856
 k8857
 k8858
 k8859
 k8860
 k8861
 k8862
 k8863
 k8864
 k8865
 k8866
 k8867
 k8868
 k8869
 k8870
 k8871
 k8872
 k8873
 k8874
 k8875
 k8876
 k8877
 k8878
 k8879
 k8880
 k8881
 k8882
 k8883
 k8884
 k8885
 k8886
 k8887
 k8888
 k8889
 k8890
 k8891
 k8892
 k8893
 k8894
 k8895
 k8896
 k8897
 k8898
 k8899
 k8900
 k8901
 k8902
 k8903
 k8904
 k8905
 k8906
 k8907
 k8908
 k8909
 k8910
 k8911
 k8912
 k8913
 k8914
 k8915
 k8916
 k8917
 k8918
 k8919
 k8920
 k8921
 k8922
 k8923
 k8924
 k8925
 k8926
 k8927
 k8928
 k8929
 k8930
 k8931
 k8932
 k8933
 k8934
 k8935
 k8936
 k8937
 k8938
 k8939
 k8940
 k8941
 k8942
 k8943
 k8944
 k8945
 k8946
 k8947
 k8948
 k8949
 k8950
 k8951
 k8952
 k8953
 k8954
 k8955
 k8956
 k8957
 k8958
 k8959
 k8960
 k8961
 k8962
 k8963
 k8964
 k8965
 k8966
 k8967
 k8968
 k8969
 k8970
 k8971
 k8972
 k8973
 k8974
 k8975
 k8976
 k8977
 k8978
 k8979
 k8980
 k8981
 k8982
 k8983
 k8984
 k8985
 k8986
 k8987
 k8988
 k8989
 k8990
 k8991
 k8992
 k8993
 k8994
 k8995
 k8996
 k8997
 k8998
 k8999
 k9000
 k9001
 k9002
 k9003
 k9004
 k9005
 k9006
 k9007
 k9008
 k9009
 k9010
 k9011
 k9012
 k9013
 k9014
 k9015
 k9016
 k9017
 k9018
 k9019
 k9020
 k9021
 k9022
 k9023
 k9024
 k9025
 k9026
 k9027
 k9028
 k9029
 k9030
 k9031
 k9032
 k9033
 k9034
 k9035
 k9036
 k9037
 k9038
 k9039
 k9040
 k9041
 k9042
 k9043
 k9044
 k9045
 k9046
 k9047
 k9048
 k9049
 k9050
 k9051
 k9052
 k9053
 k9054
 k9055
 k9056
 k9057
 k9058
 k9059
 k9060
 k9061
 k9062
 k9063
 k9064
 k9065
 k9066
 k9067
 k9068
 k9069
 k9070
 k9071
 k9072
 k9073
 k9074
 k9075
 k9076
 k9077
 k9078
 k9079
 k9080
 k9081
 k9082
 k9083
 k9084
 k9085
 k9086
 k9087
 k9088
 k9089
 k9090
 k9091
 k9092
 k9093
 k9094
 k9095
 k9096
 k9097
 k9098
 k9099
 k9100
 k9101
 k9102
 k9103
 k9104
 k9105
 k9106
 k9107
 k9108
 k9109
 k9110
 k9111
 k9112
 k9113
 k9114
 k9115
 k9116
 k9117
 k9118
 k9119
 k9120
 k9121
 k9122
 k9123
 k9124
 k9125
 k9126
 k9127
 k9128
 k9129
 k9130
 k9131
 k9132
 k9133
 k9134
 k9135
 k9136
 k9137
 k9138
 k9139
 k9140
 k9141
 k9142
 k9143
 k9144
 k9145
 k9146
 k9147
 k9148
 k9149
 k9150
 k9151
 k9152
 k9153
 k9154
 k9155
 k9156
 k9157
 k9158
 k9159
 k9160
 k9161
 k9162
 k9163
 k9164
 k9165
 k9166
 k9167
 k9168
 k9169
 k9170
 k9171
 k9172
 k9173
 k9174
 k9175
 k9176
 k9177
 k9178
 k9179
 k9180
 k9181
 k9182
 k9183
 k9184
 k9185
 k9186
 k9187
 k9188
 k9189
 k9190
 k9191
 k9192
 k9193
 k9194
 k9195
 k9196
 k9197
 k9198
 k9199
 k9200
 k9201
 k9202
 k9203
 k9204
 k9205
 k9206
 k9207
 k9208
 k9209
 k9210
 k9211
 k9212
 k9213
 k9214
 k9215
 k9216
 k9217
 k9218
 k9219
 k9220
 k9221
 k9222
 k9223
 k9224
 k9225
 k9226
 k9227
 k9228
 k9229
 k9230
 k9231
 k9232
 k9233
 k9234
 k9235
 k9236
 k9237
 k9238
 k9239
 k9240
 k9241
 k9242
 k9243
 k9244
 k9245
 k9246
 k9247
 k9248
 k9249
 k9250
 k9251
 k9252
 k9253
 k9254
 k9255
 k9256
 k9257
 k9258
 k9259
 k9260
 k9261
 k9262
 k9263
 k9264
 k9265
 k9266
 k9267
 k9268
 k9269
 k9270
 k9271
 k9272
 k9273
 k9274
 k9275
 k9276
 k9277
 k9278
 k9279
 k9280
 k9281
 k9282
 k9283
 k9284
 k9285
 k9286
 k9287
 k9288
 k9289
 k9290
 k9291
 k9292
 k9293
 k9294
 k9295
 k9296
 k9297
 k9298
 k9299
 k9300
 k9301
 k9302
 k9303
 k9304
 k9305
 k9306
 k9307
 k9308
 k9309
 k9310
 k9311
 k9312
 k9313
 k9314
 k9315
 k9316
 k9317
 k9318
 k9319
 k9320
 k9321
 k9322
 k9323
 k9324
 k9325
 k9326
 k9327
 k9328
 k9329
 k9330
 k9331
 k9332
 k9333
 k9334
 k9335
 k9336
 k9337
 k9338
 k9339
 k9340
 k9341
 k9342
 k9343
 k9344
 k9345
 k9346
 k9347
 k9348
 k9349
 k9350
 k9351
 k9352
 k9353
 k9354
 k9355
 k9356
 k9357
 k9358
 k9359
 k9360
 k9361
 k9362
 k9363
 k9364
 k9365
 k9366
 k9367
 k9368
 k9369
 k9370
 k9371
 k9372
 k9373
 k9374
 k9375
 k9376
 k9377
 k9378
 k9379
 k9380
 k9381
 k9382
 k9383
 k9384
 k9385
 k9386
 k9387
 k9388
 k9389
 k9390
 k9391
 k9392
 k9393
 k9394
 k9395
 k9396
 k9397
 k9398
 k9399
 k9400
 k9401
 k9402
 k9403
 k9404
 k9405
 k9406
 k9407
 k9408
 k9409
 k9410
 k9411
 k9412
 k9413
 k9414
 k9415
 k9416
 k9417
 k9418
 k9419
 k9420
 k9421
 k9422
 k9423
 k9424
 k9425
 k9426
 k9427
 k9428
 k9429
 k9430
 k9431
 k9432
 k9433
 k9434
 k9435
 k9436
 k9437
 k9438
 k9439
 k9440
 k9441
 k9442
 k9443
 k9444
 k9445
 k9446
 k9447
 k9448
 k9449
 k9450
 k9451
 k9452
 k9453
 k9454
 k9455
 k9456
 k9457
 k9458
 k9459
 k9460
 k9461
 k9462
 k9463
 k9464
 k9465
 k9466
 k9467
 k9468
 k9469
 k9470
 k9471
 k9472
 k9473
 k9474
 k9475
 k9476
 k9477
 k9478
 k9479
 k9480
 k9481
 k9482
 k9483
 k9484
 k9485
 k9486
 k9487
 k9488
 k9489
 k9490
 k9491
 k9492
 k9493
 k9494
 k9495
 k9496
 k9497
 k9498
 k9499
 k9500
 k9501
 k9502
 k9503
 k9504
 k9505
 k9506
 k9507
 k9508
 k9509
 k9510
 k9511
 k9512
 k9513
 k9514
 k9515
 k9516
 k9517
 k9518
 k9519
 k9520
 k9521
 k9522
 k9523
 k9524
 k9525
 k9526
 k9527
 k9528
 k9529
 k9530
 k9531
 k9532
 k9533
 k9534
 k9535
 k9536
 k9537
 k9538
 k9539
 k9540
 k9541
 k9542
 k9543
 k9544
 k9545
 k9546
 k9547
 k9548
 k9549
 k9550
 k9551
 k9552
 k9553
 k9554
 k9555
 k9556
 k9557
 k9558
 k9559
 k9560
 k9561
 k9562
 k9563
 k9564
 k9565
 k9566
 k9567
 k9568
 k9569
 k9570
 k9571
 k9572
 k9573
 k9574
 k9575
 k9576
 k9577
 k9578
 k9579
 k9580
 k9581
 k9582
 k9583
 k9584
 k9585
 k9586
 k9587
 k9588
 k9589
 k9590
 k9591
 k9592
 k9593
 k9594
 k9595
 k9596
 k9597
 k9598
 k9599
 k9600
 k9601
 k9602
 k9603
 k9604
 k9605
 k9606
 k9607
 k9608
 k9609
 k9610
 k9611
 k9612
 k9613
 k9614
 k9615
 k9616
 k9617
 k9618
 k9619
 k9620
 k9621
 k9622
 k9623
 k9624
 k9625
 k9626
 k9627
 k9628
 k9629
 k9630
 k9631
 k9632
 k9633
 k9634
 k9635
 k9636
 k9637
 k9638
 k9639
 k9640
 k9641
 k9642
 k9643
 k9644
 k9645
 k9646
 k9647
 k9648
 k9649
 k9650
 k9651
 k9652
 k9653
 k9654
 k9655
 k9656
 k9657
 k9658
 k9659
 k9660
 k9661
 k9662
 k9663
 k9664
 k9665
 k9666
 k9667
 k9668
 k9669
 k9670
 k9671
 k9672
 k9673
 k9674
 k9675
 k9676
 k9677
 k9678
 k9679
 k9680
 k9681
 k9682
 k9683
 k9684
 k9685
 k9686
 k9687
 k9688
 k9689
 k9690
 k9691
 k9692
 k9693
 k9694
 k9695
 k9696
 k9697
 k9698
 k9699
 k9700
 k9701
 k9702
 k9703
 k9704
 k9705
 k9706
 k9707
 k9708
 k9709
 k9710
 k9711
 k9712
 k9713
 k9714
 k9715
 k9716
 k9717
 k9718
 k9719
 k9720
 k9721
 k9722
 k9723
 k9724
 k9725
 k9726
 k9727
 k9728
 k9729
 k9730
 k9731
 k9732
 k9733
 k9734
 k9735
 k9736
 k9737
 k9738
 k9739
 k9740
 k9741
 k9742
 k9743
 k9744
 k9745
 k9746
 k9747
 k9748
 k9749
 k9750
 k9751
 k9752
 k9753
 k9754
 k9755
 k9756
 k9757
 k9758
 k9759
 k9760
 k9761
 k9762
 k9763
 k9764
 k9765
 k9766
 k9767
 k9768
 k9769
 k9770
 k9771
 k9772
 k9773
 k9774
 k9775
 k9776
 k9777
 k9778
 k9779
 k9780
 k9781
 k9782
 k9783
 k9784
 k9785
 k9786
 k9787
 k9788
 k9789
 k9790
 k9791
 k9792
 k9793
 k9794
 k9795
 k9796
 k9797
 k9798
 k9799
 k9800
 k9801
 k9802
 k9803
 k9804
 k9805
 k9806
 k9807
 k9808
 k9809
 k9810
 k9811
 k9812
 k9813
 k9814
 k9815
 k9816
 k9817
 k9818
 k9819
 k9820
 k9821
 k9822
 k9823
 k9824
 k9825
 k9826
 k9827
 k9828
 k9829
 k9830
 k9831
 k9832
 k9833
 k9834
 k9835
 k9836
 k9837
 k9838
 k9839
 k9840
 k9841
 k9842
 k9843
 k9844
 k9845
 k9846
 k9847
 k9848
 k9849
 k9850
 k9851
 k9852
 k9853
 k9854
 k9855
 k9856
 k9857
 k9858
 k9859
 k9860
 k9861
 k9862
 k9863
 k9864
 k9865
 k9866
 k9867
 k9868
 k9869
 k9870
 k9871
 k9872
 k9873
 k9874
 k9875
 k9876
 k9877
 k9878
 k9879
 k9880
 k9881
 k9882
 k9883
 k9884
 k9885
 k9886
 k9887
 k9888
 k9889
 k9890
 k9891
 k9892
 k9893
 k9894
 k9895
 k9896
 k9897
 k9898
 k9899
 k9900
 k9901
 k9902
 k9903
 k9904
 k9905
 k9906
 k9907
 k9908
 k9909
 k9910
 k9911
 k9912
 k9913
 k9914
 k9915
 k9916
 k9917
 k9918
 k9919
 k9920
 k9921
 k9922
 k9923
 k9924
 k9925
 k9926
 k9927
 k9928
 k9929
 k9930
 k9931
 k9932
 k9933
 k9934
 k9935
 k9936
 k9937
 k9938
 k9939
 k9940
 k9941
 k9942
 k9943
 k9944
 k9945
 k9946
 k9947
 k9948
 k9949
 k9950
 k9951
 k9952
 k9953
 k9954
 k9955
 k9956
 k9957
 k9958
 k9959
 k9960
 k9961
 k9962
 k9963
 k9964
 k9965
 k9966
 k9967
 k9968
 k9969
 k9970
 k9971
 k9972
 k9973
 k9974
 k9975
 k9976
 k9977
 k9978
 k9979
 k9980
 k9981
 k9982
 k9983
 k9984
 k9985
 k9986
 k9987
 k9988
 k9989
 k9990
 k9991
 k9992
 k9993
 k9994
 k9995
 k9996
 k9997
 k9998
 k9999
(9999 rows)

-- vi: et :
