create table foo ( tag int ,tz timestamp(6) ,col float, unique(tag,tz)) distributed by (tag) partition by range(tz);
create table in1 (like foo);
NOTICE:  table doesn't have 'DISTRIBUTED BY' clause, defaulting to distribution columns from LIKE table
create table in2 (like foo);
NOTICE:  table doesn't have 'DISTRIBUTED BY' clause, defaulting to distribution columns from LIKE table
select mars.build_timeseries_table('foo','tagkey="tag", timekey="tz", timebucket="1 hour"', true);
 build_timeseries_table 
------------------------
 t
(1 row)

select mars.add_partition('foo', '2020-01-08', '2020-01-09','1 day');
NOTICE:  table has parent, setting distribution columns to match parent table
                                        add_partition                                         
----------------------------------------------------------------------------------------------
 (foo_1_prt_1,"FOR VALUES FROM ('Wed Jan 08 00:00:00 2020') TO ('Thu Jan 09 00:00:00 2020')")
(1 row)

select mars.compress_partition(inhrelid::regclass) from pg_inherits where inhparent = 'foo'::regclass;
 compress_partition 
--------------------
 foo_1_mars1
(1 row)

insert into in1 select i/10, '2020-01-08 00:00:00'::timestamp + concat(i/10., 'mins')::interval from generate_series(0, 19) i;
insert into in2 select i/10, '2020-01-08 00:00:00'::timestamp + concat(i/10., 'mins')::interval, i/10. from generate_series(0, 19) i;
-- merge ok
insert into foo select * from in1 order by tag, tz on conflict (tag,tz) do update set col = coalesce(excluded.col, foo.col);
insert into foo select * from in2 order by tag, tz on conflict (tag,tz) do update set col = coalesce(excluded.col, foo.col);
select * from foo order by tag, tz;
 tag |            tz            | col 
-----+--------------------------+-----
   0 | Wed Jan 08 00:00:00 2020 |   0
   0 | Wed Jan 08 00:00:06 2020 | 0.1
   0 | Wed Jan 08 00:00:12 2020 | 0.2
   0 | Wed Jan 08 00:00:18 2020 | 0.3
   0 | Wed Jan 08 00:00:24 2020 | 0.4
   0 | Wed Jan 08 00:00:30 2020 | 0.5
   0 | Wed Jan 08 00:00:36 2020 | 0.6
   0 | Wed Jan 08 00:00:42 2020 | 0.7
   0 | Wed Jan 08 00:00:48 2020 | 0.8
   0 | Wed Jan 08 00:00:54 2020 | 0.9
   1 | Wed Jan 08 00:01:00 2020 |   1
   1 | Wed Jan 08 00:01:06 2020 | 1.1
   1 | Wed Jan 08 00:01:12 2020 | 1.2
   1 | Wed Jan 08 00:01:18 2020 | 1.3
   1 | Wed Jan 08 00:01:24 2020 | 1.4
   1 | Wed Jan 08 00:01:30 2020 | 1.5
   1 | Wed Jan 08 00:01:36 2020 | 1.6
   1 | Wed Jan 08 00:01:42 2020 | 1.7
   1 | Wed Jan 08 00:01:48 2020 | 1.8
   1 | Wed Jan 08 00:01:54 2020 | 1.9
(20 rows)

-- not merge
insert into foo select * from in2 order by tag, tz on conflict (tag,tz) do update set col = coalesce(excluded.col, foo.col);
select * from foo order by tag, tz;
 tag |            tz            | col 
-----+--------------------------+-----
   0 | Wed Jan 08 00:00:00 2020 |   0
   0 | Wed Jan 08 00:00:06 2020 | 0.1
   0 | Wed Jan 08 00:00:12 2020 | 0.2
   0 | Wed Jan 08 00:00:18 2020 | 0.3
   0 | Wed Jan 08 00:00:24 2020 | 0.4
   0 | Wed Jan 08 00:00:30 2020 | 0.5
   0 | Wed Jan 08 00:00:36 2020 | 0.6
   0 | Wed Jan 08 00:00:42 2020 | 0.7
   0 | Wed Jan 08 00:00:48 2020 | 0.8
   0 | Wed Jan 08 00:00:54 2020 | 0.9
   1 | Wed Jan 08 00:01:00 2020 |   1
   1 | Wed Jan 08 00:01:06 2020 | 1.1
   1 | Wed Jan 08 00:01:12 2020 | 1.2
   1 | Wed Jan 08 00:01:18 2020 | 1.3
   1 | Wed Jan 08 00:01:24 2020 | 1.4
   1 | Wed Jan 08 00:01:30 2020 | 1.5
   1 | Wed Jan 08 00:01:36 2020 | 1.6
   1 | Wed Jan 08 00:01:42 2020 | 1.7
   1 | Wed Jan 08 00:01:48 2020 | 1.8
   1 | Wed Jan 08 00:01:54 2020 | 1.9
(20 rows)

truncate foo;
insert into foo select * from in2 order by tag, tz on conflict (tag,tz) do update set col = coalesce(excluded.col, foo.col);
insert into foo select * from in1 order by tag, tz on conflict (tag,tz) do update set col = coalesce(excluded.col, foo.col);
select * from foo order by tag, tz;
 tag |            tz            | col 
-----+--------------------------+-----
   0 | Wed Jan 08 00:00:00 2020 |   0
   0 | Wed Jan 08 00:00:06 2020 | 0.1
   0 | Wed Jan 08 00:00:12 2020 | 0.2
   0 | Wed Jan 08 00:00:18 2020 | 0.3
   0 | Wed Jan 08 00:00:24 2020 | 0.4
   0 | Wed Jan 08 00:00:30 2020 | 0.5
   0 | Wed Jan 08 00:00:36 2020 | 0.6
   0 | Wed Jan 08 00:00:42 2020 | 0.7
   0 | Wed Jan 08 00:00:48 2020 | 0.8
   0 | Wed Jan 08 00:00:54 2020 | 0.9
   1 | Wed Jan 08 00:01:00 2020 |   1
   1 | Wed Jan 08 00:01:06 2020 | 1.1
   1 | Wed Jan 08 00:01:12 2020 | 1.2
   1 | Wed Jan 08 00:01:18 2020 | 1.3
   1 | Wed Jan 08 00:01:24 2020 | 1.4
   1 | Wed Jan 08 00:01:30 2020 | 1.5
   1 | Wed Jan 08 00:01:36 2020 | 1.6
   1 | Wed Jan 08 00:01:42 2020 | 1.7
   1 | Wed Jan 08 00:01:48 2020 | 1.8
   1 | Wed Jan 08 00:01:54 2020 | 1.9
(20 rows)

drop table foo;
